<?xml version="1.0" encoding="UTF-8"?>
<!-- Generated by org.testng.reporters.JUnitXMLReporter -->
<testsuite ignored="4" hostname="Ibad" failures="0" tests="2" name="Test" time="4.587" errors="0" timestamp="2023-05-12T03:20:45 GST">
  <testcase classname="com.almosafer.api.flights.test.POST.Fares" name="getFaresCalenderAndVerify" time="2.581"/>
  <testcase classname="com.almosafer.api.hotel.test.GET.LookUps" name="getHotelsLookupAndVerify" time="0.958"/>
  <testcase classname="com.almosafer.api.BaseTest" name="@AfterSuite tearDown" time="0.0">
    <ignored/>
  </testcase> <!-- @AfterSuite tearDown -->
  <testcase classname="com.almosafer.api.BaseTest" name="@AfterTest afterTest" time="0.0">
    <ignored/>
  </testcase> <!-- @AfterTest afterTest -->
  <testcase classname="com.almosafer.api.BaseTest" name="@BeforeSuite SetUp" time="0.0">
    <ignored/>
  </testcase> <!-- @BeforeSuite SetUp -->
  <testcase classname="com.almosafer.api.BaseTest" name="@BeforeTest setUpTest" time="0.0">
    <ignored/>
  </testcase> <!-- @BeforeTest setUpTest -->
</testsuite> <!-- Test -->
