<?xml version="1.0" encoding="UTF-8"?>
<!-- Generated by org.testng.reporters.JUnitXMLReporter -->
<testsuite ignored="4" hostname="Ibad" failures="0" tests="3" name="Test" time="0.215" errors="0" timestamp="2023-05-12T04:04:45 GST">
  <testcase classname="com.almosafer.api.BaseTest" name="@BeforeTest setUpTest" time="0.003">
    <failure type="java.lang.NullPointerException" message="inStream parameter is null">
      <![CDATA[java.lang.NullPointerException: inStream parameter is null
at java.base/java.util.Objects.requireNonNull(Objects.java:246)
at java.base/java.util.Properties.load(Properties.java:407)
at com.almosafer.api.utils.ConfigManager.<init>(ConfigManager.java:14)
at com.almosafer.api.utils.ConfigManager.getInstance(ConfigManager.java:25)
at com.almosafer.api.BaseTest.setUpTest(BaseTest.java:21)
... Removed 28 stack frames]]>
    </failure>
  </testcase> <!-- @BeforeTest setUpTest -->
  <testcase classname="com.almosafer.api.BaseTest" name="@AfterTest afterTest" time="0.0">
    <skipped/>
  </testcase> <!-- @AfterTest afterTest -->
  <testcase classname="com.almosafer.api.flights.test.POST.Fares" name="getFaresCalenderAndVerify" time="0.0">
    <skipped/>
  </testcase> <!-- getFaresCalenderAndVerify -->
  <testcase classname="com.almosafer.api.hotel.test.GET.LookUps" name="getHotelLookupByGettingTokenDynamically" time="0.0">
    <skipped/>
  </testcase> <!-- getHotelLookupByGettingTokenDynamically -->
  <testcase classname="com.almosafer.api.hotel.test.GET.LookUps" name="getHotelsLookupAndVerify" time="0.0">
    <skipped/>
  </testcase> <!-- getHotelsLookupAndVerify -->
  <testcase classname="com.almosafer.api.BaseTest" name="@BeforeSuite SetUp" time="0.0">
    <ignored/>
  </testcase> <!-- @BeforeSuite SetUp -->
  <testcase classname="com.almosafer.api.BaseTest" name="@AfterSuite tearDown" time="0.0">
    <ignored/>
  </testcase> <!-- @AfterSuite tearDown -->
  <testcase classname="com.almosafer.api.BaseTest" name="@BeforeTest setUpTest" time="0.0">
    <ignored/>
  </testcase> <!-- @BeforeTest setUpTest -->
  <testcase classname="com.almosafer.api.BaseTest" name="@AfterTest afterTest" time="0.0">
    <ignored/>
  </testcase> <!-- @AfterTest afterTest -->
</testsuite> <!-- Test -->
