<?xml version="1.0" encoding="UTF-8"?>
<testng-results ignored="4" total="6" passed="2" failed="0" skipped="0">
  <reporter-output>
  </reporter-output>
  <suite started-at="2023-05-12T03:20:40 GST" name="Suite" finished-at="2023-05-12T03:20:45 GST" duration-ms="4587">
    <groups>
    </groups>
    <test started-at="2023-05-12T03:20:40 GST" name="Test" finished-at="2023-05-12T03:20:45 GST" duration-ms="4587">
      <class name="com.almosafer.api.flights.test.POST.Fares">
        <test-method is-config="true" signature="SetUp()[pri:0, instance:com.almosafer.api.flights.test.POST.Fares@451f87af]" started-at="2023-05-12T03:20:40 GST" name="SetUp" finished-at="2023-05-12T03:20:40 GST" duration-ms="34" status="PASS">
          <reporter-output>
          </reporter-output>
        </test-method> <!-- SetUp -->
        <test-method is-config="true" signature="setUpTest()[pri:0, instance:com.almosafer.api.flights.test.POST.Fares@451f87af]" started-at="2023-05-12T03:20:40 GST" name="setUpTest" finished-at="2023-05-12T03:20:41 GST" duration-ms="918" status="PASS">
          <reporter-output>
          </reporter-output>
        </test-method> <!-- setUpTest -->
        <test-method signature="getFaresCalenderAndVerify()[pri:0, instance:com.almosafer.api.flights.test.POST.Fares@451f87af]" started-at="2023-05-12T03:20:41 GST" name="getFaresCalenderAndVerify" description="Check flight details returned after post call" finished-at="2023-05-12T03:20:44 GST" duration-ms="2581" status="PASS">
          <reporter-output>
          </reporter-output>
        </test-method> <!-- getFaresCalenderAndVerify -->
        <test-method is-config="true" signature="afterTest()[pri:0, instance:com.almosafer.api.flights.test.POST.Fares@451f87af]" started-at="2023-05-12T03:20:45 GST" name="afterTest" finished-at="2023-05-12T03:20:45 GST" duration-ms="1" status="PASS">
          <reporter-output>
          </reporter-output>
        </test-method> <!-- afterTest -->
        <test-method is-config="true" signature="tearDown()[pri:0, instance:com.almosafer.api.flights.test.POST.Fares@451f87af]" started-at="2023-05-12T03:20:45 GST" name="tearDown" finished-at="2023-05-12T03:20:45 GST" duration-ms="0" status="PASS">
          <reporter-output>
          </reporter-output>
        </test-method> <!-- tearDown -->
      </class> <!-- com.almosafer.api.flights.test.POST.Fares -->
      <class name="com.almosafer.api.hotel.test.GET.LookUps">
        <test-method signature="getHotelsLookupAndVerify()[pri:0, instance:com.almosafer.api.hotel.test.GET.LookUps@377008df]" started-at="2023-05-12T03:20:44 GST" name="getHotelsLookupAndVerify" finished-at="2023-05-12T03:20:45 GST" duration-ms="958" status="PASS">
          <reporter-output>
          </reporter-output>
        </test-method> <!-- getHotelsLookupAndVerify -->
      </class> <!-- com.almosafer.api.hotel.test.GET.LookUps -->
    </test> <!-- Test -->
  </suite> <!-- Suite -->
</testng-results>
