-------------------------------------------------------------------------------
Test set: TestSuite
-------------------------------------------------------------------------------
Tests run: 6, Failures: 1, Errors: 0, Skipped: 5, Time elapsed: 1.511 s <<< FAILURE! - in TestSuite
com.almosafer.api.flights.test.POST.Fares.setUpTest  Time elapsed: 1.256 s  <<< FAILURE!
java.lang.NullPointerException: inStream parameter is null

