<?xml version="1.0" encoding="UTF-8"?>
<testsuite xmlns:xsi="http://www.w3.org/2001/XMLSchema-instance" xsi:noNamespaceSchemaLocation="https://maven.apache.org/surefire/maven-surefire-plugin/xsd/surefire-test-report-3.0.xsd" version="3.0" name="TestSuite" time="1.511" tests="6" errors="0" skipped="5" failures="1">
  <properties>
[...]
</properties>
  <testcase name="setUpTest" classname="com.almosafer.api.flights.test.POST.Fares" time="1.256">
    <failure message="inStream parameter is null" type="java.lang.NullPointerException"><![CDATA[java.lang.NullPointerException: inStream parameter is null
]]></failure>
    <system-err><![CDATA[SLF4J: Failed to load class "org.slf4j.impl.StaticLoggerBinder".
SLF4J: Defaulting to no-operation (NOP) logger implementation
SLF4J: See http://www.slf4j.org/codes.html#StaticLoggerBinder for further details.
]]></system-err>
  </testcase>
  <testcase name="getFaresCalenderAndVerify" classname="com.almosafer.api.flights.test.POST.Fares" time="0">
    <skipped message="inStream parameter is null"/>
  </testcase>
  <testcase name="afterTest" classname="com.almosafer.api.flights.test.POST.Fares" time="0">
    <skipped/>
  </testcase>
  <testcase name="tearDown" classname="com.almosafer.api.flights.test.POST.Fares" time="0">
    <skipped/>
  </testcase>
  <testcase name="getHotelLookupByGettingTokenDynamically" classname="com.almosafer.api.hotel.test.GET.LookUps" time="0">
    <skipped message="inStream parameter is null"/>
  </testcase>
  <testcase name="getHotelsLookupAndVerify" classname="com.almosafer.api.hotel.test.GET.LookUps" time="0">
    <skipped message="inStream parameter is null"/>
  </testcase>
</testsuite>