<?xml version="1.0" encoding="UTF-8"?>
<testsuite xmlns:xsi="http://www.w3.org/2001/XMLSchema-instance" xsi:noNamespaceSchemaLocation="https://maven.apache.org/surefire/maven-surefire-plugin/xsd/surefire-test-report-3.0.xsd" version="3.0" name="TestSuite" time="6.783" tests="2" errors="0" skipped="0" failures="0">
  <properties>
[...]
</properties>
  <testcase name="getFaresCalenderAndVerify" classname="com.almosafer.api.flights.test.POST.Fares" time="2.657">
    <system-out><![CDATA[HTTP/1.1 200 OK
Date: Thu, 11 May 2023 23:20:44 GMT
Content-Type: application/json
Transfer-Encoding: chunked
Connection: keep-alive
X-Real-IP: 86.97.119.186
CF-Ray: 7c5e27794e5180b4-NRT
Access-Control-Allow-Origin: ae.almosafer.com
Cache-Control: no-cache, private
Content-Encoding: gzip
Strict-Transport-Security: max-age=15552000; includeSubDomains; preload
Vary: Accept-Encoding, Accept-Encoding
CF-Cache-Status: DYNAMIC
Access-Control-Allow-Headers: 
Access-Control-Allow-Methods: HEAD, GET, POST, OPTIONS, PUT, DELETE
Content-Security-Policy: upgrade-insecure-requests; base-uri 'self'; object-src 'self'; frame-ancestors https://almosafer.com https://*.almosafer.com https://z2.le.liveperson.net;
Referrer-Policy: no-referrer-when-downgrade
X-Adebug-host: ae.almosafer.com
X-Adebug-host: ae.almosafer.com
X-Adebug-port: 80
X-Adebug-port: 80
X-Adebug-real-ip: 10.160.141.148
X-Adebug-real-ip: 10.160.108.188
X-Adebug-ruri: /flight/get-fares-calender
X-Adebug-ruri: /api/v3/flights/flight/get-fares-calender
X-Alimit-rpath: /flight/get-fares-calender
X-Alimit-rpath: /api/v3/flights/flight/get-fares-calender
X-ARuntime: 0.122
X-ARuntime: 0.148
X-AServed-By: 10.160.124.113
X-AServed-By: 10.160.241.154
X-Aus: 127.0.0.1:9002
X-Aus: 127.0.0.1:9002
X-Content-Type-Options: nosniff
x-encoded-content-encoding: gzip
x-encoded-content-length: 169
x-env-type: prod
X-GeoIP-City: Sharjah
X-GeoIP-Country: United Arab Emirates
X-GeoIP-Country-Code: AE
X-GeoIP-Region: Sharjah
X-is-bot-api: 0
X-is-bot-api: 0
x-real-client-ip: 86.97.119.186
X-XSS-Protection: 1; mode=block
Set-Cookie: __cf_bm=PqssEwOaN_rKgCLHGKCneddJMoIjGP_VvxpUCpdTwvk-1683847244-0-AZVcQj9r2F8WY7342jObQs0cn0ShAXklqmTXrZEn3UhJf+eLAP06PSFyO+wbrxAViRzY3kSHdZuHQelq4hOY7Nw=; path=/; expires=Thu, 11-May-23 23:50:44 GMT; domain=.almosafer.com; HttpOnly; Secure; SameSite=None
Server: cloudflare
alt-svc: h3=":443"; ma=86400, h3-29=":443"; ma=86400

{
    "2023-05-14_2023-05-14": {
        "price": 883.35,
        "updatedAt": "2023-01-03T15:06:00.890Z"
    },
    "2023-05-13_2023-05-14": {
        "price": 683.38,
        "updatedAt": "2023-05-08T16:32:03.563Z"
    },
    "2023-05-13_2023-05-13": {
        "price": 973.5,
        "updatedAt": "2023-05-11T18:36:18.818Z"
    },
    "2023-05-12_2023-05-14": {
        "price": 786.69,
        "updatedAt": "2023-05-11T06:56:18.614Z"
    },
    "2023-05-12_2023-05-13": {
        "price": 830.28,
        "updatedAt": "2023-05-11T17:07:03.213Z"
    }
}
]]></system-out>
    <system-err><![CDATA[SLF4J: Failed to load class "org.slf4j.impl.StaticLoggerBinder".
SLF4J: Defaulting to no-operation (NOP) logger implementation
SLF4J: See http://www.slf4j.org/codes.html#StaticLoggerBinder for further details.
]]></system-err>
  </testcase>
  <testcase name="getHotelsLookupAndVerify" classname="com.almosafer.api.hotel.test.GET.LookUps" time="1.994">
    <system-out><![CDATA[HTTP/1.1 200 OK
Date: Thu, 11 May 2023 23:20:45 GMT
Content-Type: application/json
Transfer-Encoding: chunked
Connection: keep-alive
X-Real-IP: 86.97.119.186
CF-Ray: 7c5e27810c840b33-AMS
Accept-Ranges: bytes
Content-Encoding: gzip
Strict-Transport-Security: max-age=15552000; includeSubDomains; preload
Vary: accept-encoding,origin,access-control-request-headers,access-control-request-method,accept-encoding
CF-Cache-Status: DYNAMIC
APP-ID: 53
APP-NAME: ae.almosafer.com
Content-Security-Policy: upgrade-insecure-requests; base-uri 'self'; object-src 'self'; frame-ancestors https://almosafer.com https://*.almosafer.com https://z2.le.liveperson.net;
Referrer-Policy: no-referrer-when-downgrade
SPAN-ID: 3167e353955c47b5
TRACE-ID: 3167e353955c47b5
X-Content-Type-Options: nosniff
x-env-type: prod
X-GeoIP-City: Sharjah
X-GeoIP-Country: United Arab Emirates
X-GeoIP-Country-Code: AE
X-GeoIP-Region: Sharjah
x-real-client-ip: 86.97.119.186
X-XSS-Protection: 1; mode=block
Set-Cookie: __cf_bm=mUpl8fIcdIAqBult_E7cWZdkQYLgOqDPaBK1ZCLyglc-1683847245-0-ARPKHiwGtcXypPhZwLmeSVuLB0+F/pLHl+zUJmprQtmPU6D/oLrxDfL1t3Vxk6Ex0ZatEA2PQtlRsvGx22+jKyM=; path=/; expires=Thu, 11-May-23 23:50:45 GMT; domain=.almosafer.com; HttpOnly; Secure; SameSite=None
Server: cloudflare
alt-svc: h3=":443"; ma=86400, h3-29=":443"; ma=86400

{
    "facilityCategory": {
        "11": {
            "id": 11,
            "nameEn": "Internet Access",
            "nameAr": "إنترنت",
            "active": true,
            "rank": 6
        },
        "12": {
            "id": 12,
            "nameEn": "Front desk services",
            "nameAr": "خدمات مكتب الاستقبال",
            "active": true,
            "rank": 7
        },
        "13": {
            "id": 13,
            "nameEn": "Accessibility",
            "nameAr": "مرافق ذوي الاحتياجات الخاصة",
            "active": true,
            "rank": 8
        },
        "14": {
            "id": 14,
            "nameEn": "Pool & beach",
            "nameAr": "شاطئ ومسابح",
            "active": true,
            "rank": 9
        },
        "15": {
            "id": 15,
            "nameEn": "Food & drink",
            "nameAr": "الطعام والشراب",
            "active": true,
            "rank": 10
        },
        "16": {
            "id": 16,
            "nameEn": "Beauty & wellness",
            "nameAr": "صحة وجمال",
            "active": true,
            "rank": 11
        },
        "17": {
            "id": 17,
            "nameEn": "Family friendly",
            "nameAr": "مناسبة للعائلة",
            "active": true,
            "rank": 12
        },
        "18": {
            "id": 18,
            "nameEn": "Parking & transportation",
            "nameAr": "مواقف السيارات ووسائل النقل",
            "active": true,
            "rank": 13
        },
        "19": {
            "id": 19,
            "nameEn": "Activities",
            "nameAr": "أنشطة ",
            "active": true,
            "rank": 14
        },
        "20": {
            "id": 20,
            "nameEn": "General",
            "nameAr": "مرافق الفندق العامّة",
            "active": true,
            "rank": 15
        },
        "22": {
            "id": 22,
            "nameEn": "Services",
            "nameAr": "خدمات عامة",
            "active": true,
            "rank": 16
        },
        "23": {
            "id": 23,
            "nameEn": "Shops",
            "nameAr": "أسواق ومحلات",
            "active": true,
            "rank": 17
        },
        "24": {
            "id": 24,
            "nameEn": "Internet",
            "nameAr": "إنترنت",
            "active": true,
            "rank": 1
        },
        "25": {
            "id": 25,
            "nameEn": "Bathroom",
            "nameAr": "الحمام",
            "active": true,
            "rank": 2
        },
        "26": {
            "id": 26,
            "nameEn": "Food & drink",
            "nameAr": "الطعام والشراب",
            "active": true,
            "rank": 3
        },
        "27": {
            "id": 27,
            "nameEn": "Entertainment",
            "nameAr": "وسائل الترفيه",
            "active": true,
            "rank": 4
        },
        "28": {
            "id": 28,
            "nameEn": "Furnishing & layout",
            "nameAr": "تصميم الغرفة وأثاثها",
            "active": true,
            "rank": 5
        },
        "29": {
            "id": 29,
            "nameEn": "Clothes & laundry",
            "nameAr": "الملابس والغسيل",
            "active": true,
            "rank": 6
        },
        "30": {
            "id": 30,
            "nameEn": "General",
            "nameAr": "مرافق الغرفة العامّة",
            "active": true,
            "rank": 7
        },
        "31": {
            "id": 31,
            "nameEn": "Services",
            "nameAr": "خدمات عامة",
            "active": true,
            "rank": 8
        },
        "800": {
            "id": 800,
            "nameEn": "Arrival/Departure",
            "nameAr": "الوصول/المغادرة",
            "active": true,
            "rank": 3
        },
        "801": {
            "id": 801,
            "nameEn": "Food & Beverage",
            "nameAr": "الطعام والمشروبات",
            "active": true,
            "rank": 5
        },
        "802": {
            "id": 802,
            "nameEn": "General",
            "nameAr": "معلومات عامة",
            "active": true,
            "rank": 1
        },
        "803": {
            "id": 803,
            "nameEn": "Rooms",
            "nameAr": "الغرف",
            "active": true,
            "rank": 4
        },
        "804": {
            "id": 804,
            "nameEn": "Staff",
            "nameAr": "الموظفون",
            "active": true,
            "rank": 2
        }
    },
    "chains": {
        "4096": {
            "id": 4096,
            "nameEn": "Garda Lake Collection",
            "nameAr": "Garda Lake Collection",
            "active": true
        },
        "2": {
            "id": 2,
            "nameEn": "The Leading Hotels Of The World",
            "nameAr": "ذا ليدينغ هوتيلز أوف ذا وورلد",
            "active": true
        },
        "4098": {
            "id": 4098,
            "nameEn": "Alameda Hoteis",
            "nameAr": "Alameda Hoteis",
            "active": true
        },
        "3": {
            "id": 3,
            "nameEn": "Atlantic Hotels Group",
            "nameAr": "مجموعة فنادق أتلانتيك",
            "active": true
        },
        "4": {
            "id": 4,
            "nameEn": "Aha Hotels and Lodges",
            "nameAr": "فنادق ونزل إيه إتش إيه",
            "active": true
        },
        "4102": {
            "id": 4102,
            "nameEn": "Yes Hotels",
            "nameAr": "فنادق ياس",
            "active": true
        },
        "4103": {
            "id": 4103,
            "nameEn": "Hoteis Do Bom Jesus",
            "nameAr": "Hoteis do Bom Jesus",
            "active": true
        },
        "8": {
            "id": 8,
            "nameEn": "Mainstay Suites",
            "nameAr": "ماينستاي",
            "active": true
        },
        "9": {
            "id": 9,
            "nameEn": "Accor",
            "nameAr": "فنادق أكور",
            "active": true
        },
        "4105": {
            "id": 4105,
            "nameEn": "Albany",
            "nameAr": "Albany",
            "active": true
        },
        "4106": {
            "id": 4106,
            "nameEn": "Club Quarters",
            "nameAr": "Club Quarters",
            "active": true
        },
        "11": {
            "id": 11,
            "nameEn": "Oetker Collection",
            "nameAr": "أوتكر كوليكشن",
            "active": true
        },
        "4107": {
            "id": 4107,
            "nameEn": "Richardson Hotels",
            "nameAr": " فنادق ريتشاردسون",
            "active": true
        },
        "12": {
            "id": 12,
            "nameEn": "Omni",
            "nameAr": "أومني",
            "active": true
        },
        "13": {
            "id": 13,
            "nameEn": "Four Seasons Hotels and Resorts",
            "nameAr": "فنادق ومنتجعات فورسيزونز",
            "active": true
        },
        "4109": {
            "id": 4109,
            "nameEn": "Grup Soteras",
            "nameAr": "Grup Soteras",
            "active": true
        },
        "14": {
            "id": 14,
            "nameEn": "Extended Stay",
            "nameAr": "إكتسنديد ستاي",
            "active": true
        },
        "15": {
            "id": 15,
            "nameEn": "JA Resorts and Hotels",
            "nameAr": "فنادق ومنتجعات جيه إيه ",
            "active": true
        },
        "4111": {
            "id": 4111,
            "nameEn": "Lodgingmalaga",
            "nameAr": "Lodgingmalaga",
            "active": true
        },
        "4115": {
            "id": 4115,
            "nameEn": "Samsonov Hotel",
            "nameAr": "Samsonov Hotel",
            "active": true
        },
        "20": {
            "id": 20,
            "nameEn": "Barcelo Hotel Group",
            "nameAr": "مجموعة فنادق بارسيلو",
            "active": true
        },
        "21": {
            "id": 21,
            "nameEn": "Pan Pacific Hotels and Resorts",
            "nameAr": "بان باسيفيك للفنادق والمنتجعات",
            "active": true
        },
        "22": {
            "id": 22,
            "nameEn": "Balladins",
            "nameAr": "بلادينز",
            "active": true
        },
        "23": {
            "id": 23,
            "nameEn": "Browns Hotels and Resorts",
            "nameAr": "فنادق ومنتجعات براونز",
            "active": true
        },
        "4125": {
            "id": 4125,
            "nameEn": "South Coast Inns",
            "nameAr": "South Coast Inns",
            "active": true
        },
        "30": {
            "id": 30,
            "nameEn": "Tsogo Sun Hotels And Resorts",
            "nameAr": " فنادق ومنتجعات تسوجو صن",
            "active": true
        },
        "4126": {
            "id": 4126,
            "nameEn": "Punthill",
            "nameAr": "Punthill",
            "active": true
        },
        "4127": {
            "id": 4127,
            "nameEn": "Marugal",
            "nameAr": "Marugal",
            "active": true
        },
        "32": {
            "id": 32,
            "nameEn": "Global Hospitality",
            "nameAr": "جلوبال هوسبيتاليتي",
            "active": true
        },
        "4129": {
            "id": 4129,
            "nameEn": "Furama",
            "nameAr": "Furama",
            "active": true
        },
        "4130": {
            "id": 4130,
            "nameEn": "Due Torri Hotels",
            "nameAr": "فنادق ديو توري",
            "active": true
        },
        "35": {
            "id": 35,
            "nameEn": "Joie De Vivre",
            "nameAr": "جوي دو فيفر",
            "active": true
        },
        "4131": {
            "id": 4131,
            "nameEn": "Red Fox Hotels",
            "nameAr": "Red Fox Hotels",
            "active": true
        },
        "4132": {
            "id": 4132,
            "nameEn": "Vestas Hotels and Resorts",
            "nameAr": "فنادق ومنتجعات فيستاس",
            "active": true
        },
        "4133": {
            "id": 4133,
            "nameEn": "Leonardi Hotels",
            "nameAr": "Leonardi Hotels",
            "active": true
        },
        "38": {
            "id": 38,
            "nameEn": "The Doyle Collection",
            "nameAr": "ذا دويل كولكشن",
            "active": true
        },
        "39": {
            "id": 39,
            "nameEn": "Rotana Hotels and Resort",
            "nameAr": "فنادق و منتجعات روتانا",
            "active": true
        },
        "4136": {
            "id": 4136,
            "nameEn": "Monarque Hotels",
            "nameAr": "Monarque Hotels",
            "active": true
        },
        "41": {
            "id": 41,
            "nameEn": "Red Roof Inn",
            "nameAr": "ريد روف إن",
            "active": true
        },
        "4137": {
            "id": 4137,
            "nameEn": "Bonotto Group",
            "nameAr": "Bonotto Group",
            "active": true
        },
        "4139": {
            "id": 4139,
            "nameEn": "Orascom",
            "nameAr": "Orascom",
            "active": true
        },
        "4140": {
            "id": 4140,
            "nameEn": "Residentas",
            "nameAr": "Residentas",
            "active": true
        },
        "45": {
            "id": 45,
            "nameEn": "Starhotels",
            "nameAr": "ستار هوتيلز",
            "active": true
        },
        "4143": {
            "id": 4143,
            "nameEn": "Carattere Toscano Hotels and Resorts",
            "nameAr": "فنادق ومنتجعات كاراتيريه توسكانو",
            "active": true
        },
        "49": {
            "id": 49,
            "nameEn": "Sonesta",
            "nameAr": "سونستا",
            "active": true
        },
        "50": {
            "id": 50,
            "nameEn": "Frasers Hospitality",
            "nameAr": "فريزرز هوسبيتاليتي",
            "active": true
        },
        "51": {
            "id": 51,
            "nameEn": "Glh Hotels",
            "nameAr": "GLH",
            "active": true
        },
        "4147": {
            "id": 4147,
            "nameEn": "Keio Presso Inn",
            "nameAr": "Keio Presso Inn",
            "active": true
        },
        "4151": {
            "id": 4151,
            "nameEn": "Vagabond Inn",
            "nameAr": "Vagabond Inn",
            "active": true
        },
        "4154": {
            "id": 4154,
            "nameEn": "Alko Hotels",
            "nameAr": "Alko Hotels",
            "active": true
        },
        "59": {
            "id": 59,
            "nameEn": "Ilunion Hotels",
            "nameAr": "إيلونيون",
            "active": true
        },
        "60": {
            "id": 60,
            "nameEn": "Epoque Hotels",
            "nameAr": "ايبوك",
            "active": true
        },
        "4156": {
            "id": 4156,
            "nameEn": "The White Flats",
            "nameAr": "The White Flats",
            "active": true
        },
        "62": {
            "id": 62,
            "nameEn": "Parkroyal Hotels",
            "nameAr": "بارك رويال",
            "active": true
        },
        "4158": {
            "id": 4158,
            "nameEn": "Piter Palace",
            "nameAr": "Piter Palace",
            "active": true
        },
        "63": {
            "id": 63,
            "nameEn": "Preferred Hotels and Resorts",
            "nameAr": "فنادق ومنتجعات بريفيرد",
            "active": true
        },
        "66": {
            "id": 66,
            "nameEn": "Boscolo Hotels",
            "nameAr": "بوسكولو",
            "active": true
        },
        "67": {
            "id": 67,
            "nameEn": "Marco Polo Hotels",
            "nameAr": "بولو ماركو",
            "active": true
        },
        "68": {
            "id": 68,
            "nameEn": "BandB Hotels",
            "nameAr": "فنادق بي آند بي",
            "active": true
        },
        "69": {
            "id": 69,
            "nameEn": "Taj Hotels",
            "nameAr": "تاج",
            "active": true
        },
        "70": {
            "id": 70,
            "nameEn": "Trump Hotels",
            "nameAr": "ترامب انترناشيونال",
            "active": true
        },
        "71": {
            "id": 71,
            "nameEn": "Choice Hotels International",
            "nameAr": "فنادق تشويس العالمية",
            "active": true
        },
        "73": {
            "id": 73,
            "nameEn": "Tfe Hotels",
            "nameAr": "تي اف اي",
            "active": true
        },
        "74": {
            "id": 74,
            "nameEn": "Thon Hotels",
            "nameAr": "ثون",
            "active": true
        },
        "75": {
            "id": 75,
            "nameEn": "Graduate Hotels",
            "nameAr": "جرادجويت",
            "active": true
        },
        "4172": {
            "id": 4172,
            "nameEn": "Torre De Canyamel",
            "nameAr": "Torre de Canyamel",
            "active": true
        },
        "77": {
            "id": 77,
            "nameEn": "Great Hotels",
            "nameAr": "جريت",
            "active": true
        },
        "78": {
            "id": 78,
            "nameEn": "Jin Jiang Hotels",
            "nameAr": "جين جيانغ",
            "active": true
        },
        "79": {
            "id": 79,
            "nameEn": "Genre Hotels",
            "nameAr": "جينر",
            "active": true
        },
        "80": {
            "id": 80,
            "nameEn": "Dream Hotels and Resorts",
            "nameAr": "فنادق ومنتجعات دريم",
            "active": true
        },
        "82": {
            "id": 82,
            "nameEn": "Divan Hotels",
            "nameAr": "ديڤان",
            "active": true
        },
        "4178": {
            "id": 4178,
            "nameEn": "Comfitel Hotel Group",
            "nameAr": "مجموعة فنادق كومفيتيل",
            "active": true
        },
        "83": {
            "id": 83,
            "nameEn": "The Ascott Limited",
            "nameAr": "ذا أسكوت المحدودة",
            "active": true
        },
        "84": {
            "id": 84,
            "nameEn": "The Peninsula Hotels",
            "nameAr": "ذا بينينسولا",
            "active": true
        },
        "86": {
            "id": 86,
            "nameEn": "Rodeway Inn",
            "nameAr": "رودواي إن",
            "active": true
        },
        "4182": {
            "id": 4182,
            "nameEn": "Al Zuhdi Group",
            "nameAr": "Al Zuhdi Group",
            "active": true
        },
        "87": {
            "id": 87,
            "nameEn": "Rocco Forte Hotels",
            "nameAr": "روكو فورت",
            "active": true
        },
        "88": {
            "id": 88,
            "nameEn": "Red Lion Hotels",
            "nameAr": "ريد ليون",
            "active": true
        },
        "89": {
            "id": 89,
            "nameEn": "Sarova Hotels",
            "nameAr": "ساروفا",
            "active": true
        },
        "90": {
            "id": 90,
            "nameEn": "Scandic Hotels",
            "nameAr": "سكانديك",
            "active": true
        },
        "4186": {
            "id": 4186,
            "nameEn": "Meridional Hotels",
            "nameAr": "Meridional Hotels",
            "active": true
        },
        "91": {
            "id": 91,
            "nameEn": "Supranational Hotels",
            "nameAr": "سوبرا ناشونال",
            "active": true
        },
        "92": {
            "id": 92,
            "nameEn": "Sokos Hotels",
            "nameAr": "سوكوس",
            "active": true
        },
        "93": {
            "id": 93,
            "nameEn": "Swiss Quality Hotels International",
            "nameAr": "سويس كواليتي الدولية",
            "active": true
        },
        "4190": {
            "id": 4190,
            "nameEn": "Monrif Hotels",
            "nameAr": "Monrif Hotels",
            "active": true
        },
        "4192": {
            "id": 4192,
            "nameEn": "Myseahouse Hotels",
            "nameAr": "Myseahouse Hotels",
            "active": true
        },
        "97": {
            "id": 97,
            "nameEn": "Sercotel Hotel Group",
            "nameAr": "مجموعة فنادق سيركوتيل",
            "active": true
        },
        "4193": {
            "id": 4193,
            "nameEn": "Paloma Hotels",
            "nameAr": "Paloma Hotels",
            "active": true
        },
        "98": {
            "id": 98,
            "nameEn": "Sixty Hotels",
            "nameAr": "سيكستي",
            "active": true
        },
        "4194": {
            "id": 4194,
            "nameEn": "Sevilla Hotels Collection",
            "nameAr": "Sevilla Hotels Collection",
            "active": true
        },
        "99": {
            "id": 99,
            "nameEn": "Chateaux and Hotels Collection",
            "nameAr": "مجموعة فنادق شاتوه",
            "active": true
        },
        "4195": {
            "id": 4195,
            "nameEn": "Kukreja Group Hotels",
            "nameAr": "مجموعة فنادق كوكريجا",
            "active": true
        },
        "100": {
            "id": 100,
            "nameEn": "Chakela Hotels And Resorts",
            "nameAr": "فنادق ومنتجعات تشاكيلا",
            "active": true
        },
        "102": {
            "id": 102,
            "nameEn": "Gamma Hotels",
            "nameAr": "غامّا",
            "active": true
        },
        "103": {
            "id": 103,
            "nameEn": "Fleming'S Hotels",
            "nameAr": "فليمينجز",
            "active": true
        },
        "4199": {
            "id": 4199,
            "nameEn": "Urban Sense",
            "nameAr": "أوربان سينس",
            "active": true
        },
        "104": {
            "id": 104,
            "nameEn": "Hyatt Hotels and Resorts",
            "nameAr": "فنادق ومنتجعات حياة",
            "active": true
        },
        "106": {
            "id": 106,
            "nameEn": "First Hotels",
            "nameAr": "فيرست",
            "active": true
        },
        "107": {
            "id": 107,
            "nameEn": "Village Hotels",
            "nameAr": "فيليدج",
            "active": true
        },
        "110": {
            "id": 110,
            "nameEn": "Classic International",
            "nameAr": "كلاسيك إنترناشونال",
            "active": true
        },
        "112": {
            "id": 112,
            "nameEn": "Club Quarters Hotels",
            "nameAr": "كلوب كوارتارز",
            "active": true
        },
        "113": {
            "id": 113,
            "nameEn": "Corinthia Hotels",
            "nameAr": "كورينثيا",
            "active": true
        },
        "114": {
            "id": 114,
            "nameEn": "Qhotels",
            "nameAr": "كيو",
            "active": true
        },
        "115": {
            "id": 115,
            "nameEn": "Langham Hotels International",
            "nameAr": "لانغهام الدولية",
            "active": true
        },
        "117": {
            "id": 117,
            "nameEn": "Leonardo Hotels",
            "nameAr": "ليوناردو",
            "active": true
        },
        "118": {
            "id": 118,
            "nameEn": "Maritim Hotels",
            "nameAr": "ماريتايم",
            "active": true
        },
        "119": {
            "id": 119,
            "nameEn": "Minor Hotels",
            "nameAr": "مجموعة فنادق ماينور",
            "active": true
        },
        "120": {
            "id": 120,
            "nameEn": "Meritus Hotels and Resorts",
            "nameAr": "فنادق ومنتجعات ميريتوس",
            "active": true
        },
        "4216": {
            "id": 4216,
            "nameEn": "Patio Hoteles",
            "nameAr": "Patio Hoteles",
            "active": true
        },
        "121": {
            "id": 121,
            "nameEn": "Hoteles Mision",
            "nameAr": "ميشين",
            "active": true
        },
        "4217": {
            "id": 4217,
            "nameEn": "Toc HostelsandSuites",
            "nameAr": "نزل وأجنحة تي أو سي",
            "active": true
        },
        "122": {
            "id": 122,
            "nameEn": "Melia Hotels International",
            "nameAr": "فنادق ميليا الدولية",
            "active": true
        },
        "123": {
            "id": 123,
            "nameEn": "Oberoi Hotels and Resort",
            "nameAr": "فنادق ومنتجعات أوبروي",
            "active": true
        },
        "124": {
            "id": 124,
            "nameEn": "Nikko Hotels",
            "nameAr": "نيكو للفنادق",
            "active": true
        },
        "125": {
            "id": 125,
            "nameEn": "New World Hotels and Resorts",
            "nameAr": "فنادق ومنتجعات نيو وورلد",
            "active": true
        },
        "126": {
            "id": 126,
            "nameEn": "Hampshire Hotels",
            "nameAr": "هامبشاير",
            "active": true
        },
        "129": {
            "id": 129,
            "nameEn": "Hotels and Preference",
            "nameAr": "هوتلز آند بريفرنس",
            "active": true
        },
        "130": {
            "id": 130,
            "nameEn": "Outrigger Hotels and Resorts",
            "nameAr": "فنادق ومنتجعات أوتريجر",
            "active": true
        },
        "4226": {
            "id": 4226,
            "nameEn": "Rafaelhoteles",
            "nameAr": "فنادق رافايل",
            "active": true
        },
        "131": {
            "id": 131,
            "nameEn": "Aqua Hotels and Resorts",
            "nameAr": "فنادق ومنتجعات أكوا",
            "active": true
        },
        "4227": {
            "id": 4227,
            "nameEn": "Details Hotels and Resorts",
            "nameAr": "فنادق ومنتجعات ديتيلز",
            "active": true
        },
        "132": {
            "id": 132,
            "nameEn": "Okura Hotels and Resorts",
            "nameAr": "فنادق ومنتجعات أوكورا",
            "active": true
        },
        "4228": {
            "id": 4228,
            "nameEn": "Hoteles Hmc - Col",
            "nameAr": "Hoteles HMC - COL",
            "active": true
        },
        "133": {
            "id": 133,
            "nameEn": "Ihg Hotels and Resorts",
            "nameAr": "فنادق ومنتجعات أي أتش جي",
            "active": true
        },
        "136": {
            "id": 136,
            "nameEn": "Best Western Hotels and Resorts",
            "nameAr": "فنادق ومنتجعات بيست ويسترن",
            "active": true
        },
        "137": {
            "id": 137,
            "nameEn": "Jumeirah Hotels and Resorts",
            "nameAr": "فنادق ومنتجعات جميرا ",
            "active": true
        },
        "138": {
            "id": 138,
            "nameEn": "Dorint Hotels and Resorts",
            "nameAr": "فنادق ومنتجعات دورينت",
            "active": true
        },
        "139": {
            "id": 139,
            "nameEn": "Emaar Hotels and Resorts",
            "nameAr": "فنادق ومنتجعات إعمار",
            "active": true
        },
        "140": {
            "id": 140,
            "nameEn": "Wyndham Hotels and Resorts",
            "nameAr": "فنادق ومنتجعات ويندهام",
            "active": true
        },
        "141": {
            "id": 141,
            "nameEn": "Rosewood Hotel Group",
            "nameAr": "مجموعة فنادق روزوود",
            "active": true
        },
        "142": {
            "id": 142,
            "nameEn": "Rydges Hotels and Resorts",
            "nameAr": "فنادق ومنتجعات ريدجز",
            "active": true
        },
        "4238": {
            "id": 4238,
            "nameEn": "Leohotels",
            "nameAr": "Leohotels",
            "active": true
        },
        "143": {
            "id": 143,
            "nameEn": "Deutsche Hospitality",
            "nameAr": "دويتشه هوسبيتاليتي",
            "active": true
        },
        "145": {
            "id": 145,
            "nameEn": "Coast Hotels and Resorts",
            "nameAr": "فنادق ومنتجعات كوست ",
            "active": true
        },
        "146": {
            "id": 146,
            "nameEn": "Como Hotels And Resorts",
            "nameAr": "كومو",
            "active": true
        },
        "4244": {
            "id": 4244,
            "nameEn": "Serennia Apartments",
            "nameAr": "Serennia Apartments",
            "active": true
        },
        "149": {
            "id": 149,
            "nameEn": "Macdonald Hotels and Resorts",
            "nameAr": "فنادق ومنتجعات ماكدونالد",
            "active": true
        },
        "150": {
            "id": 150,
            "nameEn": "Montage Hotels and Resorts",
            "nameAr": "فنادق ومنتجعات مونتاج",
            "active": true
        },
        "4246": {
            "id": 4246,
            "nameEn": "Garden Isle Hotels",
            "nameAr": "Garden Isle Hotels",
            "active": true
        },
        "151": {
            "id": 151,
            "nameEn": "Noble House Hotels and Resorts",
            "nameAr": " فنادق ومنتجعات نوبل هاوس",
            "active": true
        },
        "152": {
            "id": 152,
            "nameEn": "Next Hotels and Resorts",
            "nameAr": "فنادق ومنتجعات نيكست",
            "active": true
        },
        "155": {
            "id": 155,
            "nameEn": "Warwick Hotels and Resorts",
            "nameAr": "فنادق ومنتجعات وارويك",
            "active": true
        },
        "4251": {
            "id": 4251,
            "nameEn": "Estivel",
            "nameAr": "Estivel",
            "active": true
        },
        "159": {
            "id": 159,
            "nameEn": "Principal Hotel Company",
            "nameAr": "ذا برينسيبال",
            "active": true
        },
        "162": {
            "id": 162,
            "nameEn": "Fiesta Americana",
            "nameAr": "فييستا أمريكانا",
            "active": true
        },
        "4258": {
            "id": 4258,
            "nameEn": "Zulmar Hotels",
            "nameAr": "Zulmar Hotels",
            "active": true
        },
        "164": {
            "id": 164,
            "nameEn": "Camino Real",
            "nameAr": "كامينو ريال",
            "active": true
        },
        "168": {
            "id": 168,
            "nameEn": "Marriott International",
            "nameAr": "ماريوت الدولية",
            "active": true
        },
        "4264": {
            "id": 4264,
            "nameEn": "Rex Resorts",
            "nameAr": "Rex Resorts",
            "active": true
        },
        "171": {
            "id": 171,
            "nameEn": "Louvre Hotels Group",
            "nameAr": "مجموعة فنادق اللوفر",
            "active": true
        },
        "174": {
            "id": 174,
            "nameEn": "Kempinski Hotels and Resorts",
            "nameAr": "فنادق ومنتجعات كمبنسكي",
            "active": true
        },
        "175": {
            "id": 175,
            "nameEn": "Dorchester Collection",
            "nameAr": "دورتشستر",
            "active": true
        },
        "176": {
            "id": 176,
            "nameEn": "Denihan Hospitality Group",
            "nameAr": "دينيهان هوسبيتاليتي",
            "active": true
        },
        "4272": {
            "id": 4272,
            "nameEn": "Help Yourself Hostels",
            "nameAr": "Help Yourself Hostels",
            "active": true
        },
        "178": {
            "id": 178,
            "nameEn": "Viceroy Hotel Group",
            "nameAr": "فايسروي",
            "active": true
        },
        "4274": {
            "id": 4274,
            "nameEn": "Signature Hotels",
            "nameAr": "فنادق سيجنتشر",
            "active": true
        },
        "179": {
            "id": 179,
            "nameEn": "Park Hotel Group",
            "nameAr": "بارك",
            "active": true
        },
        "181": {
            "id": 181,
            "nameEn": "Iberostar Hotels and Resorts",
            "nameAr": "فنادق ومنتجعات إيبروستار",
            "active": true
        },
        "183": {
            "id": 183,
            "nameEn": "Kerzner International Limited",
            "nameAr": "كيرزنر الدولية المحدودة",
            "active": true
        },
        "184": {
            "id": 184,
            "nameEn": "Maybourne Hotel Group",
            "nameAr": "مايبورن",
            "active": true
        },
        "4281": {
            "id": 4281,
            "nameEn": "Ciutat Hotels",
            "nameAr": "Ciutat Hotels",
            "active": true
        },
        "4282": {
            "id": 4282,
            "nameEn": "Rosamar Hotels",
            "nameAr": "Rosamar Hotels",
            "active": true
        },
        "187": {
            "id": 187,
            "nameEn": "Morgans Hotel Group",
            "nameAr": "مورجان",
            "active": true
        },
        "4283": {
            "id": 4283,
            "nameEn": "Abalu Hoteles",
            "nameAr": "Abalu Hoteles",
            "active": true
        },
        "188": {
            "id": 188,
            "nameEn": "Wyndham Hotels and Resort",
            "nameAr": "فنادق ومنتجعات ويندهام",
            "active": true
        },
        "4284": {
            "id": 4284,
            "nameEn": "Vittoria Hotels",
            "nameAr": "Vittoria Hotels",
            "active": true
        },
        "4285": {
            "id": 4285,
            "nameEn": "Sabina Hotels",
            "nameAr": "Sabina Hotels",
            "active": true
        },
        "190": {
            "id": 190,
            "nameEn": "Mgm Resorts International",
            "nameAr": "ام جي ام الدولية",
            "active": true
        },
        "4289": {
            "id": 4289,
            "nameEn": "Indpt-Hotels Cuitot",
            "nameAr": "Indpt-Hotels Cuitot",
            "active": true
        },
        "194": {
            "id": 194,
            "nameEn": "Motel 6",
            "nameAr": "موتيل 6",
            "active": true
        },
        "197": {
            "id": 197,
            "nameEn": "Hilton Worldwide Holdings",
            "nameAr": "هيلتون العالمية القابضة",
            "active": true
        },
        "4294": {
            "id": 4294,
            "nameEn": "Ghs Hotels",
            "nameAr": "GHS Hotels",
            "active": true
        },
        "200": {
            "id": 200,
            "nameEn": "Worldhotels",
            "nameAr": "وورلد هوتيلز",
            "active": true
        },
        "4296": {
            "id": 4296,
            "nameEn": "Triumph Hospitality",
            "nameAr": "Triumph Hospitality",
            "active": true
        },
        "201": {
            "id": 201,
            "nameEn": "Worldhotels United",
            "nameAr": "وورلد هوتيلز ينايتد",
            "active": true
        },
        "202": {
            "id": 202,
            "nameEn": "Yotel",
            "nameAr": "يوتل",
            "active": true
        },
        "4298": {
            "id": 4298,
            "nameEn": "Intur Hoteles",
            "nameAr": "Intur Hoteles",
            "active": true
        },
        "4299": {
            "id": 4299,
            "nameEn": "Gruppo Marte E Biasin",
            "nameAr": "Gruppo Marte e Biasin",
            "active": true
        },
        "4304": {
            "id": 4304,
            "nameEn": "Nascimebeni Hotels and Apartments",
            "nameAr": "فنادق وشقق ناسيميبيني",
            "active": true
        },
        "4308": {
            "id": 4308,
            "nameEn": "Natura Imb",
            "nameAr": "Natura IMB",
            "active": true
        },
        "4312": {
            "id": 4312,
            "nameEn": "Hotelboost",
            "nameAr": "HotelBoost",
            "active": true
        },
        "4314": {
            "id": 4314,
            "nameEn": "Verser Hoteles",
            "nameAr": "Verser Hoteles",
            "active": true
        },
        "4320": {
            "id": 4320,
            "nameEn": "Great Southern Hotels",
            "nameAr": "فنادق جريت ساوثرن",
            "active": true
        },
        "4332": {
            "id": 4332,
            "nameEn": "Promociones Nazaret",
            "nameAr": "Promociones Nazaret",
            "active": true
        },
        "4350": {
            "id": 4350,
            "nameEn": "Prinsotel",
            "nameAr": "Prinsotel",
            "active": true
        },
        "4351": {
            "id": 4351,
            "nameEn": "Geturhotels",
            "nameAr": "Geturhotels",
            "active": true
        },
        "257": {
            "id": 257,
            "nameEn": "Independent",
            "nameAr": "مستقل",
            "active": true
        },
        "4356": {
            "id": 4356,
            "nameEn": "Tabaiba Group",
            "nameAr": "Tabaiba Group",
            "active": true
        },
        "261": {
            "id": 261,
            "nameEn": "Tata Group",
            "nameAr": "مجموعة تاتا",
            "active": true
        },
        "262": {
            "id": 262,
            "nameEn": "The Rezidor Hotel Group",
            "nameAr": "مجموعة فنادق ذا ريزيدور",
            "active": true
        },
        "263": {
            "id": 263,
            "nameEn": "Jaz Hotel Group",
            "nameAr": "مجموعة فنادق جاز",
            "active": true
        },
        "264": {
            "id": 264,
            "nameEn": "Capitaland Limited",
            "nameAr": "كابيتالاند ليمتد",
            "active": true
        },
        "265": {
            "id": 265,
            "nameEn": "Jardine Matheson Group",
            "nameAr": "جاردين ماثيسون جروب",
            "active": true
        },
        "266": {
            "id": 266,
            "nameEn": "Oyo Rooms",
            "nameAr": "أو واى أو روومز",
            "active": true
        },
        "268": {
            "id": 268,
            "nameEn": "Damac Hotels and Resorts",
            "nameAr": "فنادق ومنتجعات داماك",
            "active": true
        },
        "4371": {
            "id": 4371,
            "nameEn": "Typic Hotels",
            "nameAr": "Typic Hotels",
            "active": true
        },
        "276": {
            "id": 276,
            "nameEn": "Htl Hotels",
            "nameAr": "HTL Hotels",
            "active": true
        },
        "278": {
            "id": 278,
            "nameEn": "Welcom Heritage",
            "nameAr": "Welcom Heritage",
            "active": true
        },
        "280": {
            "id": 280,
            "nameEn": "Ayenda Rooms",
            "nameAr": "Ayenda Rooms",
            "active": true
        },
        "282": {
            "id": 282,
            "nameEn": "Villa Gran Canaria",
            "nameAr": "Villa Gran Canaria",
            "active": true
        },
        "284": {
            "id": 284,
            "nameEn": "Resdest",
            "nameAr": "ResDest",
            "active": true
        },
        "286": {
            "id": 286,
            "nameEn": "Oyo Rooms (Uk)",
            "nameAr": "OYO Rooms (UK)",
            "active": true
        },
        "287": {
            "id": 287,
            "nameEn": "Green Tree Inn",
            "nameAr": "جرين تري إنز",
            "active": true
        },
        "290": {
            "id": 290,
            "nameEn": "Fujita Kanko",
            "nameAr": "Fujita Kanko",
            "active": true
        },
        "4386": {
            "id": 4386,
            "nameEn": "Hostemplo",
            "nameAr": "Hostemplo",
            "active": true
        },
        "292": {
            "id": 292,
            "nameEn": "Miorelli Hotels",
            "nameAr": "Miorelli Hotels",
            "active": true
        },
        "293": {
            "id": 293,
            "nameEn": "Logis International Services",
            "nameAr": "Logis International Services",
            "active": true
        },
        "294": {
            "id": 294,
            "nameEn": "Bhg Brazil Hospitality Group",
            "nameAr": "BHG Brazil Hospitality Group",
            "active": true
        },
        "295": {
            "id": 295,
            "nameEn": "Provenance Hotels",
            "nameAr": "Provenance Hotels",
            "active": true
        },
        "302": {
            "id": 302,
            "nameEn": "Livemax",
            "nameAr": "Livemax",
            "active": true
        },
        "303": {
            "id": 303,
            "nameEn": "Magnuson Hotels",
            "nameAr": "Magnuson Hotels",
            "active": true
        },
        "4399": {
            "id": 4399,
            "nameEn": "The Simone Hotels",
            "nameAr": "فنادق ذا سيمون",
            "active": true
        },
        "306": {
            "id": 306,
            "nameEn": "Bull Hotels",
            "nameAr": "Bull Hotels",
            "active": true
        },
        "307": {
            "id": 307,
            "nameEn": "Ayres Collection",
            "nameAr": "Ayres Collection",
            "active": true
        },
        "4403": {
            "id": 4403,
            "nameEn": "Inner Hotels",
            "nameAr": "Inner Hotels",
            "active": true
        },
        "312": {
            "id": 312,
            "nameEn": "The Travelbook Group",
            "nameAr": "ذا ترافيل بوك جروب",
            "active": true
        },
        "4409": {
            "id": 4409,
            "nameEn": "Intercorp Hotel Group",
            "nameAr": "Intercorp Hotel Group",
            "active": true
        },
        "314": {
            "id": 314,
            "nameEn": "Sonesta International Hotels Corporation",
            "nameAr": "مجموعة فنادق سونستا العالمية",
            "active": true
        },
        "315": {
            "id": 315,
            "nameEn": "Dioniso'S Hotels",
            "nameAr": "Dioniso's Hotels",
            "active": true
        },
        "4411": {
            "id": 4411,
            "nameEn": "Castells De Lleida",
            "nameAr": "Castells de Lleida",
            "active": true
        },
        "4412": {
            "id": 4412,
            "nameEn": "Las Casitas Del Viajero",
            "nameAr": "Las Casitas del Viajero",
            "active": true
        },
        "4413": {
            "id": 4413,
            "nameEn": "Rcd Hotels",
            "nameAr": "RCD Hotels",
            "active": true
        },
        "4414": {
            "id": 4414,
            "nameEn": "Hd Hotels",
            "nameAr": "HD Hotels",
            "active": true
        },
        "320": {
            "id": 320,
            "nameEn": "Sercotel Hotels",
            "nameAr": "Sercotel Hotels",
            "active": true
        },
        "321": {
            "id": 321,
            "nameEn": "Treebo Hotels",
            "nameAr": "Treebo Hotels",
            "active": true
        },
        "322": {
            "id": 322,
            "nameEn": "Budget Host",
            "nameAr": "Budget Host",
            "active": true
        },
        "323": {
            "id": 323,
            "nameEn": "Mona Lisa",
            "nameAr": "Mona Lisa",
            "active": true
        },
        "4420": {
            "id": 4420,
            "nameEn": "The Hatton Collection",
            "nameAr": " مجموعة فنادق ذا هاتون",
            "active": true
        },
        "325": {
            "id": 325,
            "nameEn": "Shangri-La Hotels and Resorts",
            "nameAr": "Shangri-La Hotels and Resorts",
            "active": true
        },
        "4422": {
            "id": 4422,
            "nameEn": "Torrevieja Experience",
            "nameAr": "Torrevieja Experience",
            "active": true
        },
        "4423": {
            "id": 4423,
            "nameEn": "Lanzarote Getaways",
            "nameAr": "Lanzarote Getaways",
            "active": true
        },
        "328": {
            "id": 328,
            "nameEn": "Madame Vacances",
            "nameAr": "Madame Vacances",
            "active": true
        },
        "330": {
            "id": 330,
            "nameEn": "Vail Resorts",
            "nameAr": "Vail Resorts",
            "active": true
        },
        "331": {
            "id": 331,
            "nameEn": "Unitursa",
            "nameAr": "Unitursa",
            "active": true
        },
        "333": {
            "id": 333,
            "nameEn": "Amazing Evolution",
            "nameAr": "Amazing Evolution",
            "active": true
        },
        "334": {
            "id": 334,
            "nameEn": "Radisson Hotel Group",
            "nameAr": "Radisson Hotel Group",
            "active": true
        },
        "4433": {
            "id": 4433,
            "nameEn": "Rocamora Apartments",
            "nameAr": "شقق روكامورا",
            "active": true
        },
        "4437": {
            "id": 4437,
            "nameEn": "Soy Local",
            "nameAr": "سوي لوكال",
            "active": true
        },
        "4438": {
            "id": 4438,
            "nameEn": "Vila Vita Collection",
            "nameAr": "Vila Vita Collection",
            "active": true
        },
        "4439": {
            "id": 4439,
            "nameEn": "El Rincon De Pau",
            "nameAr": "El Rincon de Pau",
            "active": true
        },
        "4440": {
            "id": 4440,
            "nameEn": "Citytrip Castelldefels",
            "nameAr": "Citytrip Castelldefels",
            "active": true
        },
        "345": {
            "id": 345,
            "nameEn": "Choice Nordic",
            "nameAr": "Choice Nordic",
            "active": true
        },
        "4444": {
            "id": 4444,
            "nameEn": "Hacienda Hotels Peru",
            "nameAr": "Hacienda Hotels Peru",
            "active": true
        },
        "350": {
            "id": 350,
            "nameEn": "Eco Team",
            "nameAr": "Eco Team",
            "active": true
        },
        "351": {
            "id": 351,
            "nameEn": "PandV",
            "nameAr": "بي آند في",
            "active": true
        },
        "4447": {
            "id": 4447,
            "nameEn": "Far Home Hostels",
            "nameAr": "Far Home Hostels",
            "active": true
        },
        "354": {
            "id": 354,
            "nameEn": "Intown Suites",
            "nameAr": "InTown Suites",
            "active": true
        },
        "4450": {
            "id": 4450,
            "nameEn": "Habitat Gestion Hotelera",
            "nameAr": "Habitat Gestion Hotelera",
            "active": true
        },
        "4457": {
            "id": 4457,
            "nameEn": "Pez Azul Group",
            "nameAr": "Pez Azul Group",
            "active": true
        },
        "4463": {
            "id": 4463,
            "nameEn": "Channel Hotels",
            "nameAr": "Channel Hotels",
            "active": true
        },
        "4465": {
            "id": 4465,
            "nameEn": "Cairn Hotel Group",
            "nameAr": "Cairn Hotel Group",
            "active": true
        },
        "4468": {
            "id": 4468,
            "nameEn": "Hidden Away Hotels",
            "nameAr": "Hidden Away Hotels",
            "active": true
        },
        "4469": {
            "id": 4469,
            "nameEn": "Abba Hotels",
            "nameAr": "Abba Hotels",
            "active": true
        },
        "375": {
            "id": 375,
            "nameEn": "Steading Holidays",
            "nameAr": "Steading Holidays",
            "active": true
        },
        "4472": {
            "id": 4472,
            "nameEn": "Hartmann Hotels",
            "nameAr": "Hartmann Hotels",
            "active": true
        },
        "4475": {
            "id": 4475,
            "nameEn": "Rr Hotels",
            "nameAr": "RR Hotels",
            "active": true
        },
        "4477": {
            "id": 4477,
            "nameEn": "Gran Isla Hotels",
            "nameAr": "Gran Isla Hotels",
            "active": true
        },
        "4479": {
            "id": 4479,
            "nameEn": "Rede Oft Hoteis",
            "nameAr": "Rede OFT Hoteis",
            "active": true
        },
        "4480": {
            "id": 4480,
            "nameEn": "Trius Hotels",
            "nameAr": "Trius Hotels",
            "active": true
        },
        "385": {
            "id": 385,
            "nameEn": "Apa Hotels",
            "nameAr": "APA Hotels",
            "active": true
        },
        "4483": {
            "id": 4483,
            "nameEn": "Hoteles Dorado Plaza - Col",
            "nameAr": "Hoteles Dorado Plaza - COL",
            "active": true
        },
        "4488": {
            "id": 4488,
            "nameEn": "Arc Avenue Hotels",
            "nameAr": "Arc Avenue Hotels",
            "active": true
        },
        "4493": {
            "id": 4493,
            "nameEn": "Hotels Beaumier",
            "nameAr": "Hotels Beaumier",
            "active": true
        },
        "4497": {
            "id": 4497,
            "nameEn": "Les Hotels Particuliers",
            "nameAr": "Les Hotels Particuliers",
            "active": true
        },
        "4499": {
            "id": 4499,
            "nameEn": "Crimson Hotels",
            "nameAr": "Crimson Hotels",
            "active": true
        },
        "4500": {
            "id": 4500,
            "nameEn": "Country Resort Ragusa",
            "nameAr": "Country Resort Ragusa",
            "active": true
        },
        "407": {
            "id": 407,
            "nameEn": "Relais and Chateaux",
            "nameAr": "ريليه آند شاتو",
            "active": true
        },
        "408": {
            "id": 408,
            "nameEn": "Clarks Inn Hotels",
            "nameAr": "Clarks Inn Hotels",
            "active": true
        },
        "412": {
            "id": 412,
            "nameEn": "Jupiter Hotel Group",
            "nameAr": "Jupiter Hotel Group",
            "active": true
        },
        "4510": {
            "id": 4510,
            "nameEn": "Espahotel",
            "nameAr": "Espahotel",
            "active": true
        },
        "4512": {
            "id": 4512,
            "nameEn": "Aranwa Hotels",
            "nameAr": "Aranwa Hotels",
            "active": true
        },
        "423": {
            "id": 423,
            "nameEn": "Mileade",
            "nameAr": "Mileade",
            "active": true
        },
        "4519": {
            "id": 4519,
            "nameEn": "Montra Hotels",
            "nameAr": "Montra Hotels",
            "active": true
        },
        "424": {
            "id": 424,
            "nameEn": "Belambra Hotels and Resorts",
            "nameAr": "فنادق ومنتجعات بيلامبرا",
            "active": true
        },
        "425": {
            "id": 425,
            "nameEn": "Ap Hotels and Resorts",
            "nameAr": "فنادق ومنتجعات إيه بيه",
            "active": true
        },
        "4523": {
            "id": 4523,
            "nameEn": "Stockholm Meeting Selection",
            "nameAr": "Stockholm Meeting Selection",
            "active": true
        },
        "4524": {
            "id": 4524,
            "nameEn": "Polihotels",
            "nameAr": "Polihotels",
            "active": true
        },
        "432": {
            "id": 432,
            "nameEn": "Sno Hotels",
            "nameAr": "SNO Hotels",
            "active": true
        },
        "433": {
            "id": 433,
            "nameEn": "Cobblestone Hotels",
            "nameAr": "Cobblestone Hotels",
            "active": true
        },
        "4529": {
            "id": 4529,
            "nameEn": "Daguisa Hotels",
            "nameAr": "Daguisa Hotels",
            "active": true
        },
        "435": {
            "id": 435,
            "nameEn": "Ms Hotels",
            "nameAr": "MS Hotels",
            "active": true
        },
        "4533": {
            "id": 4533,
            "nameEn": "Riale Hoteis",
            "nameAr": "Riale Hoteis",
            "active": true
        },
        "4535": {
            "id": 4535,
            "nameEn": "Royal Hotels Group",
            "nameAr": "مجموعة فنادق رويال",
            "active": true
        },
        "4536": {
            "id": 4536,
            "nameEn": "H8 Collection",
            "nameAr": "H8 Collection",
            "active": true
        },
        "4538": {
            "id": 4538,
            "nameEn": "A-Rosa",
            "nameAr": "A-Rosa",
            "active": true
        },
        "4539": {
            "id": 4539,
            "nameEn": "Nuve Group",
            "nameAr": "مجموعة نوف",
            "active": true
        },
        "4541": {
            "id": 4541,
            "nameEn": "Value Hotels",
            "nameAr": "Value Hotels",
            "active": true
        },
        "4543": {
            "id": 4543,
            "nameEn": "St Giles",
            "nameAr": "St Giles",
            "active": true
        },
        "4544": {
            "id": 4544,
            "nameEn": "Gruppo Opera E Sonya Rome",
            "nameAr": "مجموعة أوبرا إيه سونيا روما",
            "active": true
        },
        "449": {
            "id": 449,
            "nameEn": "Sonder",
            "nameAr": "Sonder",
            "active": true
        },
        "4545": {
            "id": 4545,
            "nameEn": "Touch Down Group",
            "nameAr": "Touch Down Group",
            "active": true
        },
        "450": {
            "id": 450,
            "nameEn": "Terres De France Group",
            "nameAr": "مجموعة تير دو فرانس",
            "active": true
        },
        "4546": {
            "id": 4546,
            "nameEn": "Vaidas Hotels",
            "nameAr": "Vaidas Hotels",
            "active": true
        },
        "4549": {
            "id": 4549,
            "nameEn": "Be Alicante",
            "nameAr": "Be Alicante",
            "active": true
        },
        "4550": {
            "id": 4550,
            "nameEn": "Gruppo Felici",
            "nameAr": "Gruppo Felici",
            "active": true
        },
        "4551": {
            "id": 4551,
            "nameEn": "Arcotel",
            "nameAr": "Arcotel",
            "active": true
        },
        "4553": {
            "id": 4553,
            "nameEn": "Pearlsun Hotels and Resort",
            "nameAr": "فنادق ومنتجعات بيرل صن",
            "active": true
        },
        "4554": {
            "id": 4554,
            "nameEn": "Gruppo Le Calette",
            "nameAr": "Gruppo le Calette",
            "active": true
        },
        "4556": {
            "id": 4556,
            "nameEn": "Amaru Group Hotels",
            "nameAr": "Amaru Group Hotels",
            "active": true
        },
        "464": {
            "id": 464,
            "nameEn": "Amedia",
            "nameAr": "Amedia",
            "active": true
        },
        "4561": {
            "id": 4561,
            "nameEn": "Hoteliers Impertinents",
            "nameAr": "Hoteliers Impertinents",
            "active": true
        },
        "4563": {
            "id": 4563,
            "nameEn": "Brooks Hotels",
            "nameAr": "Brooks Hotels",
            "active": true
        },
        "4565": {
            "id": 4565,
            "nameEn": "Olympia Grupo",
            "nameAr": "Olympia Grupo",
            "active": true
        },
        "478": {
            "id": 478,
            "nameEn": "BandB Hotels Germany",
            "nameAr": "فنادق بي آند بي جيرمني",
            "active": true
        },
        "4579": {
            "id": 4579,
            "nameEn": "Tugasa",
            "nameAr": "Tugasa",
            "active": true
        },
        "4580": {
            "id": 4580,
            "nameEn": "La Gomera Apartments",
            "nameAr": "La Gomera Apartments",
            "active": true
        },
        "4587": {
            "id": 4587,
            "nameEn": "Pontes HotâˆŠâ©Is",
            "nameAr": "Pontes Hot√©is",
            "active": true
        },
        "4601": {
            "id": 4601,
            "nameEn": "Kamat Hotels",
            "nameAr": "فنادق كامات",
            "active": true
        },
        "4605": {
            "id": 4605,
            "nameEn": "Zen Apartments",
            "nameAr": "Zen Apartments",
            "active": true
        },
        "510": {
            "id": 510,
            "nameEn": "Centara Hotels and Resorts",
            "nameAr": "فنادق ومنتجعات سنتارا",
            "active": true
        },
        "511": {
            "id": 511,
            "nameEn": "Awaze-Jamesvillas",
            "nameAr": "Awaze-JamesVillas",
            "active": true
        },
        "513": {
            "id": 513,
            "nameEn": "Reside Etudes",
            "nameAr": "Reside Etudes",
            "active": true
        },
        "4610": {
            "id": 4610,
            "nameEn": "Italian Hospitality Collection",
            "nameAr": "Italian Hospitality Collection",
            "active": true
        },
        "516": {
            "id": 516,
            "nameEn": "Van Der Valk Hotels",
            "nameAr": "Van der Valk Hotels",
            "active": true
        },
        "4614": {
            "id": 4614,
            "nameEn": "Adrian Hoteles",
            "nameAr": "Adrian Hoteles",
            "active": true
        },
        "4615": {
            "id": 4615,
            "nameEn": "Swiss Inn",
            "nameAr": "Swiss Inn",
            "active": true
        },
        "4616": {
            "id": 4616,
            "nameEn": "Aqueen",
            "nameAr": "Aqueen",
            "active": true
        },
        "4618": {
            "id": 4618,
            "nameEn": "Rice Hoteles",
            "nameAr": "Rice Hoteles",
            "active": true
        },
        "4619": {
            "id": 4619,
            "nameEn": "Mij",
            "nameAr": "MIJ",
            "active": true
        },
        "524": {
            "id": 524,
            "nameEn": "Taj Hotels, Resorts and Palaces",
            "nameAr": "فنادق ومنتجعات وقصور تاج",
            "active": true
        },
        "4624": {
            "id": 4624,
            "nameEn": "My Way Hotels and Resorts",
            "nameAr": "فنادق ومجتمعات ماي واي",
            "active": true
        },
        "4626": {
            "id": 4626,
            "nameEn": "Leeu Collection",
            "nameAr": "Leeu Collection",
            "active": true
        },
        "4630": {
            "id": 4630,
            "nameEn": "Cphotels",
            "nameAr": "Cphotels",
            "active": true
        },
        "4633": {
            "id": 4633,
            "nameEn": "Grupo Bali Hotels",
            "nameAr": "Grupo Bali Hotels",
            "active": true
        },
        "4634": {
            "id": 4634,
            "nameEn": "Raeli Hotels",
            "nameAr": "Raeli Hotels",
            "active": true
        },
        "543": {
            "id": 543,
            "nameEn": "Hoteles Globales",
            "nameAr": "Hoteles Globales",
            "active": true
        },
        "544": {
            "id": 544,
            "nameEn": "Barsala",
            "nameAr": "Barsala",
            "active": true
        },
        "4641": {
            "id": 4641,
            "nameEn": "Elegance Hotels",
            "nameAr": "Elegance Hotels",
            "active": true
        },
        "546": {
            "id": 546,
            "nameEn": "Casual Hoteles",
            "nameAr": "Casual Hoteles",
            "active": true
        },
        "4642": {
            "id": 4642,
            "nameEn": "Sunsations",
            "nameAr": "Sunsations",
            "active": true
        },
        "4643": {
            "id": 4643,
            "nameEn": "Mcquade Group",
            "nameAr": "McQuade Group",
            "active": true
        },
        "549": {
            "id": 549,
            "nameEn": "Beacon Hotels and Resorts",
            "nameAr": "فنادق ومنتجعات بيكون",
            "active": true
        },
        "4645": {
            "id": 4645,
            "nameEn": "Bluserena",
            "nameAr": "Bluserena",
            "active": true
        },
        "550": {
            "id": 550,
            "nameEn": "Zacchera Group",
            "nameAr": "Zacchera Group",
            "active": true
        },
        "4647": {
            "id": 4647,
            "nameEn": "Rocamar",
            "nameAr": "Rocamar",
            "active": true
        },
        "552": {
            "id": 552,
            "nameEn": "Les Collectionneurs",
            "nameAr": "Les Collectionneurs",
            "active": true
        },
        "4648": {
            "id": 4648,
            "nameEn": "Kenzi Hotels Group",
            "nameAr": "مجموعة فنادق كنزي",
            "active": true
        },
        "4649": {
            "id": 4649,
            "nameEn": "Mirachoro Hotels",
            "nameAr": "Mirachoro Hotels",
            "active": true
        },
        "4651": {
            "id": 4651,
            "nameEn": "Almuhaidb Group",
            "nameAr": "AlMuhaidb group",
            "active": true
        },
        "558": {
            "id": 558,
            "nameEn": "Camino Real Hotels",
            "nameAr": "Camino Real Hotels",
            "active": true
        },
        "559": {
            "id": 559,
            "nameEn": "Princess Hotels and Resorts",
            "nameAr": "فنادق ومنتجعات برنسيس",
            "active": true
        },
        "4655": {
            "id": 4655,
            "nameEn": "Hph Group",
            "nameAr": "HPH Group",
            "active": true
        },
        "4656": {
            "id": 4656,
            "nameEn": "Guvon Hotels",
            "nameAr": "Guvon Hotels",
            "active": true
        },
        "561": {
            "id": 561,
            "nameEn": "Alda Hotels",
            "nameAr": "Alda Hotels",
            "active": true
        },
        "563": {
            "id": 563,
            "nameEn": "Hostelling International",
            "nameAr": "Hostelling International",
            "active": true
        },
        "4659": {
            "id": 4659,
            "nameEn": "St Cristopher'S Inn",
            "nameAr": "St Cristopher's Inn",
            "active": true
        },
        "564": {
            "id": 564,
            "nameEn": "Meeting Point Hotels",
            "nameAr": "Meeting Point Hotels",
            "active": true
        },
        "565": {
            "id": 565,
            "nameEn": "Extended Stay America Suites",
            "nameAr": "Extended Stay America Suites",
            "active": true
        },
        "566": {
            "id": 566,
            "nameEn": "G1 Group",
            "nameAr": "G1 Group",
            "active": true
        },
        "4664": {
            "id": 4664,
            "nameEn": "Pueblo Bonito Resorts",
            "nameAr": "Pueblo Bonito Resorts",
            "active": true
        },
        "570": {
            "id": 570,
            "nameEn": "Posadas",
            "nameAr": "بوسادس",
            "active": true
        },
        "4666": {
            "id": 4666,
            "nameEn": "D-Hotels",
            "nameAr": "D-Hotels",
            "active": true
        },
        "572": {
            "id": 572,
            "nameEn": "Catalonia Hotels and Resorts",
            "nameAr": "فنادق ومنتجعات كاتالونيا",
            "active": true
        },
        "4669": {
            "id": 4669,
            "nameEn": "Gruppo Mioni",
            "nameAr": "Gruppo Mioni",
            "active": true
        },
        "574": {
            "id": 574,
            "nameEn": "Lapland Hotels",
            "nameAr": "Lapland Hotels",
            "active": true
        },
        "4670": {
            "id": 4670,
            "nameEn": "Elite Island Resorts",
            "nameAr": "Elite Island Resorts",
            "active": true
        },
        "575": {
            "id": 575,
            "nameEn": "Insotel",
            "nameAr": "Insotel",
            "active": true
        },
        "576": {
            "id": 576,
            "nameEn": "Direct Hotels",
            "nameAr": "Direct Hotels",
            "active": true
        },
        "581": {
            "id": 581,
            "nameEn": "Kintetsu Miyako Hotels",
            "nameAr": "Kintetsu Miyako Hotels",
            "active": true
        },
        "4677": {
            "id": 4677,
            "nameEn": "Regal Pacific Hotels",
            "nameAr": "Regal Pacific Hotels",
            "active": true
        },
        "583": {
            "id": 583,
            "nameEn": "Starwood Capital Group",
            "nameAr": "مجموعة ستار وود كابيتال",
            "active": true
        },
        "584": {
            "id": 584,
            "nameEn": "Fletcher",
            "nameAr": "Fletcher",
            "active": true
        },
        "4681": {
            "id": 4681,
            "nameEn": "Olivia Nova Hoteles",
            "nameAr": "Olivia Nova Hoteles",
            "active": true
        },
        "587": {
            "id": 587,
            "nameEn": "Iberik Hotels",
            "nameAr": "IBERIK Hotels",
            "active": true
        },
        "589": {
            "id": 589,
            "nameEn": "Blue Sea Hotels",
            "nameAr": "Blue Sea Hotels",
            "active": true
        },
        "591": {
            "id": 591,
            "nameEn": "Sava Hotels and Resorts",
            "nameAr": "فنادق ومنتجعات سافا",
            "active": true
        },
        "4687": {
            "id": 4687,
            "nameEn": "Fox Resorts",
            "nameAr": "Fox Resorts",
            "active": true
        },
        "592": {
            "id": 592,
            "nameEn": "Xq Hotels",
            "nameAr": "XQ Hotels",
            "active": true
        },
        "593": {
            "id": 593,
            "nameEn": "Sorell Hotels",
            "nameAr": "Sorell Hotels",
            "active": true
        },
        "4689": {
            "id": 4689,
            "nameEn": "Premier Hotels",
            "nameAr": "Premier Hotels",
            "active": true
        },
        "594": {
            "id": 594,
            "nameEn": "Novum Hospitality",
            "nameAr": "Novum Hospitality",
            "active": true
        },
        "596": {
            "id": 596,
            "nameEn": "Sunway Hotel and Apartments Spain",
            "nameAr": "فنادق وشقق صن واي إسبانيا",
            "active": true
        },
        "4694": {
            "id": 4694,
            "nameEn": "Eight Hotels",
            "nameAr": "Eight Hotels",
            "active": true
        },
        "599": {
            "id": 599,
            "nameEn": "Albena",
            "nameAr": "Albena",
            "active": true
        },
        "601": {
            "id": 601,
            "nameEn": "Yha",
            "nameAr": "YHA",
            "active": true
        },
        "602": {
            "id": 602,
            "nameEn": "Hotels Plaza",
            "nameAr": "Hotels Plaza",
            "active": true
        },
        "603": {
            "id": 603,
            "nameEn": "Jose Antonio Hotels",
            "nameAr": "Jose Antonio Hotels",
            "active": true
        },
        "604": {
            "id": 604,
            "nameEn": "Odalys",
            "nameAr": "Odalys",
            "active": true
        },
        "606": {
            "id": 606,
            "nameEn": "Springboard Hospitality",
            "nameAr": "Springboard Hospitality",
            "active": true
        },
        "4703": {
            "id": 4703,
            "nameEn": "Cosmopolita Group",
            "nameAr": "Cosmopolita Group",
            "active": true
        },
        "609": {
            "id": 609,
            "nameEn": "Berjaya Hotels and Resorts",
            "nameAr": "فنادق ومنتجعات بيرجايا",
            "active": true
        },
        "4705": {
            "id": 4705,
            "nameEn": "Station Hotels",
            "nameAr": "Station Hotels",
            "active": true
        },
        "610": {
            "id": 610,
            "nameEn": "Marlin Apartments",
            "nameAr": "Marlin Apartments",
            "active": true
        },
        "612": {
            "id": 612,
            "nameEn": "Grandstay",
            "nameAr": "GrandStay",
            "active": true
        },
        "614": {
            "id": 614,
            "nameEn": "Millennium Hotels and Resorts",
            "nameAr": "فنادق ومنتجعات ميلينيوم",
            "active": true
        },
        "4711": {
            "id": 4711,
            "nameEn": "Innapartments",
            "nameAr": "Innapartments",
            "active": true
        },
        "617": {
            "id": 617,
            "nameEn": "Doma Hotels",
            "nameAr": "Doma Hotels",
            "active": true
        },
        "618": {
            "id": 618,
            "nameEn": "Walt Disney Parks and Resorts",
            "nameAr": "منتجعات وحدائق والت ديزني",
            "active": true
        },
        "619": {
            "id": 619,
            "nameEn": "Apartamentos 3000",
            "nameAr": "Apartamentos 3000",
            "active": true
        },
        "621": {
            "id": 621,
            "nameEn": "Gruppo Canal",
            "nameAr": "Gruppo Canal",
            "active": true
        },
        "622": {
            "id": 622,
            "nameEn": "Solare Hotels And Resorts",
            "nameAr": "Solare Hotels and Resorts",
            "active": true
        },
        "623": {
            "id": 623,
            "nameEn": "Ih Hotels",
            "nameAr": "IH Hotels",
            "active": true
        },
        "4719": {
            "id": 4719,
            "nameEn": "Ovolo Group",
            "nameAr": "Ovolo Group",
            "active": true
        },
        "624": {
            "id": 624,
            "nameEn": "Sbh Hotels",
            "nameAr": "SBH Hotels",
            "active": true
        },
        "4721": {
            "id": 4721,
            "nameEn": "Dear Lisbon",
            "nameAr": "Dear Lisbon",
            "active": true
        },
        "626": {
            "id": 626,
            "nameEn": "Majestic Hotel Group",
            "nameAr": "Majestic Hotel Group",
            "active": true
        },
        "627": {
            "id": 627,
            "nameEn": "Hoteles Center",
            "nameAr": "Hoteles Center",
            "active": true
        },
        "4723": {
            "id": 4723,
            "nameEn": "Ferretti Group",
            "nameAr": "Ferretti Group",
            "active": true
        },
        "4724": {
            "id": 4724,
            "nameEn": "Voi Hotels",
            "nameAr": "VOI Hotels",
            "active": true
        },
        "629": {
            "id": 629,
            "nameEn": "Achat Hotels",
            "nameAr": "فنادق أتشات",
            "active": true
        },
        "630": {
            "id": 630,
            "nameEn": "St Austell",
            "nameAr": "St Austell",
            "active": true
        },
        "633": {
            "id": 633,
            "nameEn": "Set Hotels",
            "nameAr": "Set Hotels",
            "active": true
        },
        "634": {
            "id": 634,
            "nameEn": "Ghl Hotels",
            "nameAr": "GHL Hotels",
            "active": true
        },
        "635": {
            "id": 635,
            "nameEn": "Casa Andina Hotels",
            "nameAr": "Casa Andina Hotels",
            "active": true
        },
        "4731": {
            "id": 4731,
            "nameEn": "Ldc Hotels",
            "nameAr": "LDC Hotels",
            "active": true
        },
        "636": {
            "id": 636,
            "nameEn": "V Hotels",
            "nameAr": "V Hotels",
            "active": true
        },
        "4732": {
            "id": 4732,
            "nameEn": "Ola Hotels",
            "nameAr": "Ola Hotels",
            "active": true
        },
        "637": {
            "id": 637,
            "nameEn": "Orion Hotel Group",
            "nameAr": "Orion Hotel Group",
            "active": true
        },
        "4733": {
            "id": 4733,
            "nameEn": "Sentido Hotels",
            "nameAr": "SENTIDO Hotels",
            "active": true
        },
        "638": {
            "id": 638,
            "nameEn": "Aurum Hotels",
            "nameAr": "Aurum Hotels",
            "active": true
        },
        "641": {
            "id": 641,
            "nameEn": "Nh Hotels",
            "nameAr": "NH Hotels",
            "active": true
        },
        "642": {
            "id": 642,
            "nameEn": "The Singer Group",
            "nameAr": "The Singer Group",
            "active": true
        },
        "4738": {
            "id": 4738,
            "nameEn": "Rocco Forte",
            "nameAr": "Rocco Forte",
            "active": true
        },
        "645": {
            "id": 645,
            "nameEn": "Zanhotel",
            "nameAr": "Zanhotel",
            "active": true
        },
        "4741": {
            "id": 4741,
            "nameEn": "Azoresbeds",
            "nameAr": "AzoresBeds",
            "active": true
        },
        "646": {
            "id": 646,
            "nameEn": "Brit Hotel",
            "nameAr": "Brit Hotel",
            "active": true
        },
        "647": {
            "id": 647,
            "nameEn": "Senani Hotels",
            "nameAr": "Senani Hotels",
            "active": true
        },
        "648": {
            "id": 648,
            "nameEn": "Crea Hotels",
            "nameAr": "فنادق كريا",
            "active": true
        },
        "649": {
            "id": 649,
            "nameEn": "Appart'City",
            "nameAr": "Appart'city",
            "active": true
        },
        "651": {
            "id": 651,
            "nameEn": "Slaviero Hotels",
            "nameAr": "Slaviero Hotels",
            "active": true
        },
        "652": {
            "id": 652,
            "nameEn": "Unlock Boutique Hotels",
            "nameAr": "Unlock Boutique Hotels",
            "active": true
        },
        "654": {
            "id": 654,
            "nameEn": "Ght Hotels",
            "nameAr": "GHT Hotels",
            "active": true
        },
        "656": {
            "id": 656,
            "nameEn": "Barata Hotels",
            "nameAr": "Barata Hotels",
            "active": true
        },
        "657": {
            "id": 657,
            "nameEn": "Britannia Hotels",
            "nameAr": "Britannia Hotels",
            "active": true
        },
        "4754": {
            "id": 4754,
            "nameEn": "Gran Central Suites",
            "nameAr": "Gran Central Suites",
            "active": true
        },
        "659": {
            "id": 659,
            "nameEn": "Emeraude Hotels",
            "nameAr": "فنادق إميراود",
            "active": true
        },
        "661": {
            "id": 661,
            "nameEn": "Destiny Scotland Apartments",
            "nameAr": "شقق ديستني اسكتلندا",
            "active": true
        },
        "664": {
            "id": 664,
            "nameEn": "Ferre Hotels",
            "nameAr": "Ferre Hotels",
            "active": true
        },
        "668": {
            "id": 668,
            "nameEn": "Gruppo Laringe",
            "nameAr": "Gruppo Laringe",
            "active": true
        },
        "672": {
            "id": 672,
            "nameEn": "Simps Inn",
            "nameAr": "Simps Inn",
            "active": true
        },
        "673": {
            "id": 673,
            "nameEn": "Martinhal Family Hotels and Resorts",
            "nameAr": "فنادق ومنتجعات مارتنهال العائلية",
            "active": true
        },
        "4769": {
            "id": 4769,
            "nameEn": "Splendom",
            "nameAr": "Splendom",
            "active": true
        },
        "674": {
            "id": 674,
            "nameEn": "Blue Tree Hotels",
            "nameAr": "Blue Tree Hotels",
            "active": true
        },
        "676": {
            "id": 676,
            "nameEn": "Caesars Entertainment",
            "nameAr": "Caesars Entertainment",
            "active": true
        },
        "678": {
            "id": 678,
            "nameEn": "9Hotel Collection",
            "nameAr": "9Hotel Collection",
            "active": true
        },
        "679": {
            "id": 679,
            "nameEn": "Sitges Group",
            "nameAr": "Sitges Group",
            "active": true
        },
        "682": {
            "id": 682,
            "nameEn": "Oceania Hotels",
            "nameAr": "Oceania Hotels",
            "active": true
        },
        "4778": {
            "id": 4778,
            "nameEn": "Solaris Hotels and Resorts",
            "nameAr": "فنادق ومجتمعات سولاريس",
            "active": true
        },
        "683": {
            "id": 683,
            "nameEn": "Cabau Hotels",
            "nameAr": "Cabau Hotels",
[...]
        },
        "156": {
            "id": 156,
            "nameAr": "نافورة",
            "nameEn": "Fountain",
            "type": 1,
            "active": true
        },
        "157": {
            "id": 157,
            "nameAr": "تناول القهوة داخل الغرفة",
            "nameEn": "In-Room Coffee",
            "type": 1,
            "active": true
        },
        "158": {
            "id": 158,
            "nameAr": "حمام سباحة طبيعي",
            "nameEn": "Natural Pool",
            "type": 1,
            "active": true
        },
        "159": {
            "id": 159,
            "nameAr": "ملعب أحبال (إنشاء الفرق)",
            "nameEn": "Ropes Course (Team Building)",
            "type": 1,
            "active": true
        },
        "160": {
            "id": 160,
            "nameAr": "مخطط تصميم الطابق",
            "nameEn": "Floor plan",
            "type": 1,
            "active": true
        },
        "161": {
            "id": 161,
            "nameAr": "حمام سباحة مصغر/للتدريب",
            "nameEn": "Exercise/Lap Pool",
            "type": 1,
            "active": true
        },
        "162": {
            "id": 162,
            "nameAr": "حمّام سباحة خاص",
            "nameEn": "Private Pool",
            "type": 1,
            "active": true
        },
        "164": {
            "id": 164,
            "nameAr": "منطقة إقامة حفلات عيد الميلاد",
            "nameEn": "Birthday Party Area",
            "type": 1,
            "active": true
        },
        "165": {
            "id": 165,
            "nameAr": "حمام سباحة مغطى/مكشوف",
            "nameEn": "Indoor/Outdoor Pool",
            "type": 1,
            "active": true
        },
        "166": {
            "id": 166,
            "nameAr": "غسيل الملابس",
            "nameEn": "Laundry",
            "type": 1,
            "active": true
        },
        "167": {
            "id": 167,
            "nameAr": "تلفاز",
            "nameEn": "Television",
            "type": 1,
            "active": true
        },
        "168": {
            "id": 168,
            "nameAr": "خزائن صغيرة",
            "nameEn": "Lockers",
            "type": 1,
            "active": true
        },
        "169": {
            "id": 169,
            "nameAr": "ملاهي مائية",
            "nameEn": "Water Park",
            "type": 1,
            "active": true
        },
        "170": {
            "id": 170,
            "nameAr": "الانزلاق بالحبال",
            "nameEn": "Ziplining",
            "type": 1,
            "active": true
        },
        "171": {
            "id": 171,
            "nameAr": "ملعب جولف مصغر",
            "nameEn": "Mini-Golf",
            "type": 1,
            "active": true
        },
        "172": {
            "id": 172,
            "nameAr": "جدار تسلق الصخور - داخلي",
            "nameEn": "Rock Climbing Wall - Indoor",
            "type": 1,
            "active": true
        },
        "173": {
            "id": 173,
            "nameAr": "تخزين المعدات",
            "nameEn": "Equipment Storage",
            "type": 1,
            "active": true
        },
        "174": {
            "id": 174,
            "nameAr": "روضة أطفال",
            "nameEn": "Day Care",
            "type": 1,
            "active": true
        },
        "175": {
            "id": 175,
            "nameAr": "تصميم المبنى",
            "nameEn": "Building design",
            "type": 1,
            "active": true
        },
        "176": {
            "id": 176,
            "nameAr": "مطبخ مشترك",
            "nameEn": "Shared Kitchen",
            "type": 1,
            "active": true
        },
        "177": {
            "id": 177,
            "nameAr": "السماح باصطحاب الحيوانات الأليفة",
            "nameEn": "Pet-Friendly",
            "type": 1,
            "active": true
        },
        "178": {
            "id": 178,
            "nameAr": "ماكينة بيع آلية",
            "nameEn": "Vending Machine",
            "type": 1,
            "active": true
        },
        "179": {
            "id": 179,
            "nameAr": "ملعب كرة السلة",
            "nameEn": "Basketball Court",
            "type": 1,
            "active": true
        },
        "180": {
            "id": 180,
            "nameAr": "دراجة سكوتر/دراجة نارية خفيفة",
            "nameEn": "Scooter/Moped",
            "type": 1,
            "active": true
        },
        "181": {
            "id": 181,
            "nameAr": "مقصورة في الحديقة",
            "nameEn": "Gazebo",
            "type": 1,
            "active": true
        },
        "182": {
            "id": 182,
            "nameAr": "ألعاب تعمل بالعملات",
            "nameEn": "Arcade",
            "type": 1,
            "active": true
        },
        "183": {
            "id": 183,
            "nameAr": "متجر أدوات رياضية",
            "nameEn": "Pro Shop",
            "type": 1,
            "active": true
        },
        "184": {
            "id": 184,
            "nameAr": "إطلالة على المدينة من المنشأة",
            "nameEn": "City View from Property",
            "type": 1,
            "active": true
        },
        "185": {
            "id": 185,
            "nameAr": "مرافق مطبخ مشتركة",
            "nameEn": "Shared Kitchen Facilities",
            "type": 1,
            "active": true
        },
        "186": {
            "id": 186,
            "nameAr": "مغطس خاص في المنتجع الصحي",
            "nameEn": "Private Spa Tub",
            "type": 1,
            "active": true
        },
        "187": {
            "id": 187,
            "nameAr": "زحليقة مائية",
            "nameEn": "Waterslide",
            "type": 1,
            "active": true
        },
        "188": {
            "id": 188,
            "nameAr": "السفاري",
            "nameEn": "Safari",
            "type": 1,
            "active": true
        },
        "189": {
            "id": 189,
            "nameAr": "ميكروويف",
            "nameEn": "Microwave",
            "type": 1,
            "active": true
        },
        "190": {
            "id": 190,
            "nameAr": "مطلة على المياه",
            "nameEn": "Water view",
            "type": 1,
            "active": true
        },
        "191": {
            "id": 191,
            "nameAr": "الرماية",
            "nameEn": "Archery",
            "type": 1,
            "active": true
        },
        "192": {
            "id": 192,
            "nameAr": "مدفأة",
            "nameEn": "Fireplace",
            "type": 1,
            "active": true
        },
        "193": {
            "id": 193,
            "nameAr": "مشاهدة الحيوانات البريّة",
            "nameEn": "Game Viewing",
            "type": 1,
            "active": true
        },
        "194": {
            "id": 194,
            "nameAr": "تكييف هواء",
            "nameEn": "Air conditioning",
            "type": 1,
            "active": true
        },
        "195": {
            "id": 195,
            "nameAr": "صيد الحيوانات",
            "nameEn": "Hunting",
            "type": 1,
            "active": true
        },
        "196": {
            "id": 196,
            "nameAr": "يوكاتا (رداء ياباني)",
            "nameEn": "Yukata",
            "type": 1,
            "active": true
        },
        "197": {
            "id": 197,
            "nameAr": "دش خماسي",
            "nameEn": "Vichy Shower",
            "type": 1,
            "active": true
        },
        "198": {
            "id": 198,
            "nameAr": "تقنيّات",
            "nameEn": "Tech",
            "type": 1,
            "active": true
        },
        "199": {
            "id": 199,
            "nameAr": "تسلق الصخور بالخارج",
            "nameEn": "Outdoor Rock Climbing",
            "type": 1,
            "active": true
        },
        "200": {
            "id": 200,
            "nameAr": "بيلاتس",
            "nameEn": "Pilates",
            "type": 1,
            "active": true
        },
        "201": {
            "id": 201,
            "nameAr": "جولات سياحية بيئية",
            "nameEn": "Ecotours",
            "type": 1,
            "active": true
        },
        "202": {
            "id": 202,
            "nameAr": "كنيسة",
            "nameEn": "Chapel",
            "type": 1,
            "active": true
        },
        "203": {
            "id": 203,
            "nameAr": "مضمار  داخلي لقيادة عربات الجولف",
            "nameEn": "Indoor Golf Driving Range",
            "type": 1,
            "active": true
        },
        "204": {
            "id": 204,
            "nameAr": "رياضات التزحلق على الجليد والماء",
            "nameEn": "Snow and Ski Sports",
            "type": 1,
            "active": true
        },
        "205": {
            "id": 205,
            "nameAr": "حمّام عام",
            "nameEn": "Public Bath",
            "type": 1,
            "active": true
        },
        "206": {
            "id": 206,
            "nameAr": "التزلج على الماء",
            "nameEn": "Skiing",
            "type": 1,
            "active": true
        },
        "207": {
            "id": 207,
            "nameAr": "التزحلق على الجليد",
            "nameEn": "Ice Skating",
            "type": 1,
            "active": true
        },
        "208": {
            "id": 208,
            "nameAr": "إطلالة على المنتجع",
            "nameEn": "Resort View",
            "type": 1,
            "active": true
        },
        "209": {
            "id": 209,
            "nameAr": "إطلالة على المتنزه",
            "nameEn": "Park View",
            "type": 1,
            "active": true
        },
        "210": {
            "id": 210,
            "nameAr": "منظر  لملعب الجولف",
            "nameEn": "Golf view",
            "type": 1,
            "active": true
        },
        "211": {
            "id": 211,
            "nameAr": "ركوب الخيل",
            "nameEn": "Horse Riding",
            "type": 1,
            "active": true
        },
        "212": {
            "id": 212,
            "nameAr": "تدليك داخل الغرفة",
            "nameEn": "In-Room Massage",
            "type": 1,
            "active": true
        },
        "213": {
            "id": 213,
            "nameAr": "جولة سفاري",
            "nameEn": "Game Drive",
            "type": 1,
            "active": true
        },
        "214": {
            "id": 214,
            "nameAr": "التدفئة",
            "nameEn": "Heating",
            "type": 1,
            "active": true
        },
        "215": {
            "id": 215,
            "nameAr": "إطلالة على التل",
            "nameEn": "Hill View",
            "type": 1,
            "active": true
        },
        "216": {
            "id": 216,
            "nameAr": "شرفة مسقوفة",
            "nameEn": "Lanai",
            "type": 1,
            "active": true
        },
        "218": {
            "id": 218,
            "nameAr": "جولات سيجواي",
            "nameEn": "Segway Tours",
            "type": 1,
            "active": true
        },
        "219": {
            "id": 219,
            "nameAr": "عربة جولف",
            "nameEn": "Golf Cart",
            "type": 1,
            "active": true
        },
        "220": {
            "id": 220,
            "nameAr": "تزحلق بألواح الثلج",
            "nameEn": "Snowboarding",
            "type": 1,
            "active": true
        },
        "221": {
            "id": 221,
            "nameAr": "جولات بالهليكوبتر/بالطائرة",
            "nameEn": "Helicopter/Plane Tours",
            "type": 1,
            "active": true
        },
        "222": {
            "id": 222,
            "nameAr": "مطلة على الصحراء",
            "nameEn": "Desert view",
            "type": 1,
            "active": true
        },
        "223": {
            "id": 223,
            "nameAr": "مروحة",
            "nameEn": "Fan",
            "type": 1,
            "active": true
        },
        "224": {
            "id": 224,
            "nameAr": "تل تزلج",
            "nameEn": "Ski Hill",
            "type": 1,
            "active": true
        },
        "225": {
            "id": 225,
            "nameAr": "التزلج بمركبة الجليد",
            "nameEn": "Snowmobiling",
            "type": 1,
            "active": true
        },
        "226": {
            "id": 226,
            "nameAr": "التزحلق على الثلج باستخدام مزلجة",
            "nameEn": "Sledding",
            "type": 1,
            "active": true
        },
        "227": {
            "id": 227,
            "nameAr": "التزحلق على الثلج بزلاجة أنبوبية",
            "nameEn": "Snow tubing",
            "type": 1,
            "active": true
        },
        "229": {
            "id": 229,
            "nameAr": "Deleted",
            "nameEn": "Deleted",
            "type": 1,
            "active": true
        },
        "230": {
            "id": 230,
            "nameAr": "ركوب الطوف",
            "nameEn": "Rafting",
            "type": 1,
            "active": true
        },
        "231": {
            "id": 231,
            "nameAr": "المشي باستخدام أحذية الثلج",
            "nameEn": "Snowshoeing",
            "type": 1,
            "active": true
        },
        "232": {
            "id": 232,
            "nameAr": "إطلالة على الوادي",
            "nameEn": "Valley View",
            "type": 1,
            "active": true
        },
        "233": {
            "id": 233,
            "nameAr": "خدمة نقل مكوكية إلى محطة العبّار",
            "nameEn": "Ferry Terminal Shuttle",
            "type": 1,
            "active": true
        },
        "234": {
            "id": 234,
            "nameAr": "بولينج",
            "nameEn": "Bowling",
            "type": 1,
            "active": true
        },
        "235": {
            "id": 235,
            "nameAr": "إطلالة على كرم العنب",
            "nameEn": "Vineyard View",
            "type": 1,
            "active": true
        },
        "237": {
            "id": 237,
            "nameAr": "مطعم ريوكان",
            "nameEn": "Ryokan Dining",
            "type": 1,
            "active": true
        },
        "238": {
            "id": 238,
            "nameAr": "خدمة نقل مكوكية إلى مركز التسوّق",
            "nameEn": "Shopping Centre Shuttle",
            "type": 1,
            "active": true
        },
        "239": {
            "id": 239,
            "nameAr": "خدمة نقل مكوكية إلى الملاهي",
            "nameEn": "Theme Park Shuttle",
            "type": 1,
            "active": true
        },
        "240": {
            "id": 240,
            "nameAr": "خدمة نقل مكوكية إلى محطة القطار",
            "nameEn": "Train Station Shuttle",
            "type": 1,
            "active": true
        },
        "241": {
            "id": 241,
            "nameAr": "أخرى",
            "nameEn": "Other",
            "type": 1,
            "active": true
        },
        "242": {
            "id": 242,
            "nameAr": "أساسية",
            "nameEn": "default",
            "type": 2,
            "active": true
        },
        "243": {
            "id": 243,
            "nameAr": "غرفة",
            "nameEn": "Room",
            "type": 1,
            "active": true
        },
        "244": {
            "id": 244,
            "nameAr": "إطلالة من الغرفة",
            "nameEn": "View from room",
            "type": 1,
            "active": true
        },
        "245": {
            "id": 245,
            "nameAr": "ركوب الأمواج",
            "nameEn": "Surfing/boogie boarding",
            "type": 1,
            "active": true
        },
        "246": {
            "id": 246,
            "nameAr": "مساند الممرات",
            "nameEn": "Handrails in hallways",
            "type": 1,
            "active": true
        },
        "247": {
            "id": 247,
            "nameAr": "شارة النظافة",
            "nameEn": "Cleanliness badge",
            "type": 1,
            "active": true
        },
        "248": {
            "id": 248,
            "nameAr": "صالة استراحة",
            "nameEn": "Lounge",
            "type": 1,
            "active": true
        },
        "249": {
            "id": 249,
            "nameAr": "منطقة العاب للأطفال - داخلية",
            "nameEn": "Children's play area - indoor",
            "type": 1,
            "active": true
        },
        "250": {
            "id": 250,
            "nameAr": "منطقة مخصصة للأطفال",
            "nameEn": "Children's area",
            "type": 1,
            "active": true
        },
        "251": {
            "id": 251,
            "nameAr": "حمام سباحة للأطفال",
            "nameEn": "Children's pool",
            "type": 1,
            "active": true
        },
        "252": {
            "id": 252,
            "nameAr": "وسيلة راحة بالغرفة",
            "nameEn": "Room amenity",
            "type": 1,
            "active": true
        },
        "253": {
            "id": 253,
            "nameAr": "مطبخ خاص",
            "nameEn": "Private kitchen",
            "type": 1,
            "active": true
        },
        "254": {
            "id": 254,
            "nameAr": "داخلي",
            "nameEn": "Interior",
            "type": 1,
            "active": true
        },
        "255": {
            "id": 255,
            "nameAr": "مرافق المنشأة الترفيهية",
            "nameEn": "Property recreational facilities",
            "type": 1,
            "active": true
        },
        "256": {
            "id": 256,
            "nameAr": "أنشطة المنشأة",
            "nameEn": "Property activities",
            "type": 1,
            "active": true
        },
        "257": {
            "id": 257,
            "nameAr": "مرافق  للأطفال",
            "nameEn": "Children Facilities",
            "type": 1,
            "active": true
        },
        "258": {
            "id": 258,
            "nameAr": "إطلالات",
            "nameEn": "Views ",
            "type": 1,
            "active": true
        },
        "259": {
            "id": 259,
            "nameAr": "مرافق المنشأة ",
            "nameEn": "Property facilities",
            "type": 1,
            "active": true
        },
        "260": {
            "id": 260,
            "nameAr": "وسائل الراحة في المنشأة",
            "nameEn": "Property amenities",
            "type": 1,
            "active": true
        },
        "261": {
            "id": 261,
            "nameAr": "خدمات المنشأة ",
            "nameEn": "Property services",
            "type": 1,
            "active": true
        },
        "262": {
            "id": 262,
            "nameAr": "معالم سياحية",
            "nameEn": "Landmarks",
            "type": 1,
            "active": true
        }
    },
    "descriptionCategories": {
        "1": {
            "id": 1,
            "nameAr": "وصف عام",
            "nameEn": "General description",
            "active": true
        },
        "2": {
            "id": 2,
            "nameAr": "الموقع",
            "nameEn": "Location",
            "active": true
        },
        "3": {
            "id": 3,
            "nameAr": "المنطقة المحيطة بالفندق",
            "nameEn": "Attractions",
            "active": true
        },
        "4": {
            "id": 4,
            "nameAr": "الطعام",
            "nameEn": "Dining",
            "active": true
        },
        "5": {
            "id": 5,
            "nameAr": "الغرف",
            "nameEn": "Rooms",
            "active": true
        },
        "6": {
            "id": 6,
            "nameAr": "المرافق",
            "nameEn": "Amenities",
            "active": true
        },
        "7": {
            "id": 7,
            "nameAr": "مرافق الأعمال، ومرافق أخرى",
            "nameEn": "Business, and other amenities",
            "active": true
        },
        "8": {
            "id": 8,
            "nameAr": "التجديدات",
            "nameEn": "Renovations",
            "active": true
        }
    }
}
]]></system-out>
  </testcase>
</testsuite>